<?xml version="1.0" encoding="UTF-8"?><TestSessionContainer xmlns="http://www.codecover.org/xml/testsession-container" Date="1688995360549" TestSessionContainerId="d0bd2e59-3261-4b6f-80b0-ce31cf18722e" version="1.0">
    <SrcFileList>
        <SrcFile Content="package smart_home;&#13;&#10;&#13;&#10;import java.util.HashMap;&#13;&#10;&#13;&#10;public class SmartHome {&#13;&#10;&#9;protected boolean antifurto;&#13;&#10;&#9;protected int[] tapparelle;&#13;&#10;&#9;protected StatoLuce[] luci;&#13;&#10;&#9;protected HashMap&lt;Porta, StatoPorta&gt; porte;&#13;&#10;&#9;&#13;&#10;&#9;//protected StazioneMeteo sm;&#13;&#10;&#9;&#13;&#10;&#9;public SmartHome(int n_luci, int n_tapparelle) {&#13;&#10;&#9;&#9;//sm = new StazioneMeteo();&#13;&#10;&#9;&#9;&#13;&#10;&#9;&#9;antifurto = true;&#13;&#10;&#9;&#9;&#13;&#10;&#9;&#9;luci = new StatoLuce[n_luci];&#13;&#10;&#9;&#9;for (int i = 0; i &lt; luci.length; i++)&#13;&#10;&#9;&#9;&#9;luci[i] = StatoLuce.SPENTA;&#13;&#10;&#9;&#9;&#13;&#10;&#9;&#9;tapparelle = new int[n_tapparelle];&#13;&#10;&#9;&#9;for (int i = 0; i &lt; tapparelle.length; i++)&#13;&#10;&#9;&#9;&#9;tapparelle[i] = 100;&#13;&#10;&#9;&#9;&#13;&#10;&#9;&#9;porte = new HashMap&lt;Porta, StatoPorta&gt;();&#13;&#10;&#9;&#9;porte.put(Porta.PRINCIPALE, StatoPorta.CHIUSA);&#13;&#10;&#9;&#9;porte.put(Porta.RETRO, StatoPorta.CHIUSA);&#13;&#10;&#9;&#9;porte.put(Porta.GARAGE, StatoPorta.CHIUSA);&#13;&#10;&#9;&#9;&#13;&#10;&#9;}&#13;&#10;&#9;&#13;&#10;&#9;// Quando scatta l'allarme, chiudi porte e tapparelle e accendi le luci&#13;&#10;&#9;public void allarme() {&#13;&#10;&#9;&#9;if (antifurto) {&#13;&#10;&#9;&#9;&#9;for (int i = 0; i &lt; luci.length; i++)&#13;&#10;&#9;&#9;&#9;&#9;luci[i] = StatoLuce.ACCESA;&#13;&#10;&#9;&#9;&#9;&#13;&#10;&#9;&#9;&#9;for (int i = 0; i &lt; tapparelle.length; i++)&#13;&#10;&#9;&#9;&#9;&#9;tapparelle[i] = 100;&#13;&#10;&#9;&#9;&#9;&#13;&#10;&#9;&#9;&#9;porte.replace(Porta.PRINCIPALE, StatoPorta.CHIUSA);&#13;&#10;&#9;&#9;&#9;porte.replace(Porta.RETRO, StatoPorta.CHIUSA);&#13;&#10;&#9;&#9;&#9;porte.replace(Porta.GARAGE, StatoPorta.CHIUSA);&#13;&#10;&#9;&#9;}&#13;&#10;&#9;}&#13;&#10;&#9;&#13;&#10;&#9;// Quando attivo l'antifurto, la porta principale si chiude&#13;&#10;&#9;// e non posso disattivarlo se la porta principale è aperta&#13;&#10;&#9;public void toggleAntifurto() {&#13;&#10;&#9;&#9;if (antifurto) {&#13;&#10;&#9;&#9;&#9;if (porte.get(Porta.PRINCIPALE) == StatoPorta.APERTA)&#13;&#10;&#9;&#9;&#9;&#9;antifurto = false;&#13;&#10;&#9;&#9;}else {&#13;&#10;&#9;&#9;&#9;antifurto = true;&#13;&#10;&#9;&#9;&#9;porte.replace(Porta.PRINCIPALE, StatoPorta.CHIUSA);&#13;&#10;&#9;&#9;}&#13;&#10;&#9;}&#13;&#10;&#9;&#13;&#10;&#9;// Le azioni totali sulla casa aprono (o chiudono) tutte le porte e tapparelle&#13;&#10;&#9;// se chiudo tutto attivo anche l'antifurto&#13;&#10;&#9;public void chiudiTutto() {&#13;&#10;&#9;&#9;for (int i = 0; i &lt; tapparelle.length; i++)&#13;&#10;&#9;&#9;&#9;tapparelle[i] = 100;&#13;&#10;&#9;&#9;&#13;&#10;&#9;&#9;porte.replace(Porta.PRINCIPALE, StatoPorta.CHIUSA);&#13;&#10;&#9;&#9;porte.replace(Porta.RETRO, StatoPorta.CHIUSA);&#13;&#10;&#9;&#9;porte.replace(Porta.GARAGE, StatoPorta.CHIUSA);&#13;&#10;&#9;&#9;&#13;&#10;&#9;&#9;antifurto = true;&#13;&#10;&#9;}&#13;&#10;&#9;public void apriTutto() {&#9;&#13;&#10;&#9;&#9;for (int i = 0; i &lt; tapparelle.length; i++)&#13;&#10;&#9;&#9;&#9;tapparelle[i] = 0;&#13;&#10;&#9;&#9;&#13;&#10;&#9;&#9;porte.replace(Porta.PRINCIPALE, StatoPorta.APERTA);&#13;&#10;&#9;&#9;porte.replace(Porta.RETRO, StatoPorta.APERTA);&#13;&#10;&#9;&#9;porte.replace(Porta.GARAGE, StatoPorta.APERTA);&#13;&#10;&#9;}&#13;&#10;&#9;&#13;&#10;&#9;// Le azioni sulle luci ne modificano solo una (accesa, spenta o soffusa)&#13;&#10;&#9;public void accendiLuce(int i) { luci[i] = StatoLuce.ACCESA; }&#13;&#10;&#9;public void spegniLuce(int i) { luci[i] = StatoLuce.SPENTA;&#9;}&#13;&#10;&#9;public void luceSoffusa(int i) { luci[i] = StatoLuce.SOFFUSA; }&#13;&#10;&#9;&#13;&#10;&#9;// Le azioni sulle tapparelle le aprono o chiudono tutte&#13;&#10;&#9;// o impostano la percentuale di chiusura di una&#13;&#10;&#9;public void impostaTapparella(int i, int livello) {&#13;&#10;&#9;&#9;tapparelle[i] = livello;&#9;&#9;&#9;&#13;&#10;&#9;}&#13;&#10;&#9;public void apriTapparelle() {&#13;&#10;&#9;&#9;for (int i = 0; i &lt; tapparelle.length; i++)&#13;&#10;&#9;&#9;&#9;tapparelle[i] = 0;&#13;&#10;&#9;}&#13;&#10;&#9;public void chiudiTapparelle() {&#13;&#10;&#9;&#9;for (int i = 0; i &lt; tapparelle.length; i++)&#13;&#10;&#9;&#9;&#9;tapparelle[i] = 100;&#13;&#10;&#9;}&#13;&#10;&#9;&#13;&#10;&#9;&#9;&#13;&#10;&#9;// Le azioni sulle porte ne modificano solo una (aperta o chiusa)&#13;&#10;&#9;// Quando apro la porta principale, se nessuna luce è accesa, &#13;&#10;&#9;// tutte le tapparelle aperte meno del 50%, si aprono al 50%&#13;&#10;&#9;// La porta si può chiudere solo se l'antifurto è attivo&#13;&#10;&#9;public void apriPorta(Porta p) {&#13;&#10;&#9;&#9;porte.replace(p, StatoPorta.APERTA);&#13;&#10;&#9;&#9;&#13;&#10;&#9;&#9;boolean luceAccesa = false;&#13;&#10;&#9;&#9;for (int i = 0; i &lt; luci.length; i++) {&#13;&#10;&#9;&#9;&#9;if (luci[i] == StatoLuce.ACCESA) {&#13;&#10;&#9;&#9;&#9;&#9;luceAccesa = true;&#13;&#10;&#9;&#9;&#9;&#9;break;&#13;&#10;&#9;&#9;&#9;}&#13;&#10;&#9;&#9;}&#13;&#10;&#9;&#9;if (p == Porta.PRINCIPALE &amp;&amp; !luceAccesa) {&#13;&#10;&#9;&#9;&#9;for (int i = 0; i &lt; tapparelle.length; i++)&#13;&#10;&#9;&#9;&#9;&#9;if (tapparelle[i] &lt; 50) tapparelle[i] = 50;&#13;&#10;&#9;&#9;}&#13;&#10;&#9;&#9;&#9;&#13;&#10;&#9;}&#13;&#10;&#9;public void chiudiPorta(Porta p) {&#13;&#10;&#9;&#9;if (p == Porta.PRINCIPALE &amp;&amp; !antifurto)&#13;&#10;&#9;&#9;&#9;return;&#13;&#10;&#9;&#9;porte.replace(p, StatoPorta.CHIUSA);&#13;&#10;&#9;}&#13;&#10;&#9;&#13;&#10;}" Filename="SmartHome.java" Intrnl_Id="1"/>
    </SrcFileList>
    <CritList>
        <CritListEntry Name="org.codecover.model.utils.criteria.ConditionCoverage" PluginName="org.codecover"/>
        <CritListEntry Name="org.codecover.model.utils.criteria.BranchCoverage" PluginName="org.codecover"/>
        <CritListEntry Name="org.codecover.model.utils.criteria.StatementCoverage" PluginName="org.codecover"/>
    </CritList>
    <BoolOpList>
        <BoolOp Arity="2" Intrnl_Id="2" Name="conditional and (&amp;&amp;)">
            <BoolAssgnmntBoolMapList>
                <MapEntry BoolAssgnmnt="02" Value="false"/>
                <MapEntry BoolAssgnmnt="10" Value="false"/>
                <MapEntry BoolAssgnmnt="11" Value="true"/>
            </BoolAssgnmntBoolMapList>
        </BoolOp>
        <BoolOp Arity="1" Intrnl_Id="3" Name="not (!)">
            <BoolAssgnmntBoolMapList>
                <MapEntry BoolAssgnmnt="1" Value="false"/>
                <MapEntry BoolAssgnmnt="0" Value="true"/>
            </BoolAssgnmntBoolMapList>
        </BoolOp>
    </BoolOpList>
    <HierarchyLvlTypeList>
        <HierarchyLvlType EnglishName="package" IntrnlName="package" Intrnl_Id="4"/>
        <HierarchyLvlType EnglishName="method" IntrnlName="method" Intrnl_Id="5"/>
        <HierarchyLvlType EnglishName="class" IntrnlName="class" Intrnl_Id="6"/>
        <HierarchyLvlType EnglishName="default package" IntrnlName="default package" Intrnl_Id="7"/>
    </HierarchyLvlTypeList>
    <MASTRoot>
        <HierarchyLvl HierarchyLvlId="33" HierarchyLvlTypeId="7" Intrnl_Id="8" Name="default package">
            <Header/>
            <LocList/>
            <HierarchyLvl HierarchyLvlId="32" HierarchyLvlTypeId="4" Intrnl_Id="9" Name="smart_home">
                <Header/>
                <LocList/>
                <HierarchyLvl HierarchyLvlId="31" HierarchyLvlTypeId="6" Intrnl_Id="10" Name="SmartHome">
                    <Header>
                        <Loc EndOffset="74" SrcFileId="1" StartOffset="52"/>
                    </Header>
                    <LocList>
                        <Loc EndOffset="3775" SrcFileId="1" StartOffset="52"/>
                    </LocList>
                    <HierarchyLvl HierarchyLvlId="18" HierarchyLvlTypeId="5" Intrnl_Id="11" Name="SmartHome">
                        <Header>
                            <Loc EndOffset="300" SrcFileId="1" StartOffset="254"/>
                        </Header>
                        <LocList>
                            <Loc EndOffset="784" SrcFileId="1" StartOffset="254"/>
                        </LocList>
                        <StmntSeq Intrnl_Id="12">
                            <LocList>
                                <Loc EndOffset="358" SrcFileId="1" StartOffset="341"/>
                                <Loc EndOffset="395" SrcFileId="1" StartOffset="366"/>
                                <Loc EndOffset="468" SrcFileId="1" StartOffset="399"/>
                                <Loc EndOffset="511" SrcFileId="1" StartOffset="476"/>
                                <Loc EndOffset="583" SrcFileId="1" StartOffset="515"/>
                                <Loc EndOffset="632" SrcFileId="1" StartOffset="591"/>
                                <Loc EndOffset="683" SrcFileId="1" StartOffset="636"/>
                                <Loc EndOffset="729" SrcFileId="1" StartOffset="687"/>
                                <Loc EndOffset="776" SrcFileId="1" StartOffset="733"/>
                            </LocList>
                            <BasicStmnt CovItemId="S1" CovItemPrefix="smart_home.SmartHome.java" Intrnl_Id="13">
                                <LocList>
                                    <Loc EndOffset="358" SrcFileId="1" StartOffset="341"/>
                                </LocList>
                            </BasicStmnt>
                            <BasicStmnt CovItemId="S2" CovItemPrefix="smart_home.SmartHome.java" Intrnl_Id="14">
                                <LocList>
                                    <Loc EndOffset="395" SrcFileId="1" StartOffset="366"/>
                                </LocList>
                            </BasicStmnt>
                            <LoopStmnt CovItemId="S3" CovItemPrefix="smart_home.SmartHome.java" Intrnl_Id="15" MltplExecId="L1-2" MltplExecPrefix="smart_home.SmartHome.java" NvrExecId="L1-0" NvrExecPrefix="smart_home.SmartHome.java" OnceExecutedId="L1-1" OnceExecutedPrefix="smart_home.SmartHome.java" OptBodyExec="true">
                                <StmntSeq Intrnl_Id="16">
                                    <LocList>
                                        <Loc EndOffset="468" SrcFileId="1" StartOffset="441"/>
                                    </LocList>
                                    <BasicStmnt CovItemId="S4" CovItemPrefix="smart_home.SmartHome.java" Intrnl_Id="17">
                                        <LocList>
                                            <Loc EndOffset="468" SrcFileId="1" StartOffset="441"/>
                                        </LocList>
                                    </BasicStmnt>
                                </StmntSeq>
                                <Keyword EndOffset="402" SrcFileId="1" StartOffset="399"/>
                                <LocList>
                                    <Loc EndOffset="468" SrcFileId="1" StartOffset="399"/>
                                </LocList>
                                <RootTerm CovItemId="C1" CovItemPrefix="smart_home.SmartHome.java" Intrnl_Id="18">
                                    <BasicBoolTerm Intrnl_Id="19">
                                        <LocList>
                                            <Loc EndOffset="430" SrcFileId="1" StartOffset="415"/>
                                        </LocList>
                                    </BasicBoolTerm>
                                </RootTerm>
                            </LoopStmnt>
                            <BasicStmnt CovItemId="S5" CovItemPrefix="smart_home.SmartHome.java" Intrnl_Id="20">
                                <LocList>
                                    <Loc EndOffset="511" SrcFileId="1" StartOffset="476"/>
                                </LocList>
                            </BasicStmnt>
                            <LoopStmnt CovItemId="S6" CovItemPrefix="smart_home.SmartHome.java" Intrnl_Id="21" MltplExecId="L2-2" MltplExecPrefix="smart_home.SmartHome.java" NvrExecId="L2-0" NvrExecPrefix="smart_home.SmartHome.java" OnceExecutedId="L2-1" OnceExecutedPrefix="smart_home.SmartHome.java" OptBodyExec="true">
                                <StmntSeq Intrnl_Id="22">
                                    <LocList>
                                        <Loc EndOffset="583" SrcFileId="1" StartOffset="563"/>
                                    </LocList>
                                    <BasicStmnt CovItemId="S7" CovItemPrefix="smart_home.SmartHome.java" Intrnl_Id="23">
                                        <LocList>
                                            <Loc EndOffset="583" SrcFileId="1" StartOffset="563"/>
                                        </LocList>
                                    </BasicStmnt>
                                </StmntSeq>
                                <Keyword EndOffset="518" SrcFileId="1" StartOffset="515"/>
                                <LocList>
                                    <Loc EndOffset="583" SrcFileId="1" StartOffset="515"/>
                                </LocList>
                                <RootTerm CovItemId="C2" CovItemPrefix="smart_home.SmartHome.java" Intrnl_Id="24">
                                    <BasicBoolTerm Intrnl_Id="25">
                                        <LocList>
                                            <Loc EndOffset="552" SrcFileId="1" StartOffset="531"/>
                                        </LocList>
                                    </BasicBoolTerm>
                                </RootTerm>
                            </LoopStmnt>
                            <BasicStmnt CovItemId="S8" CovItemPrefix="smart_home.SmartHome.java" Intrnl_Id="26">
                                <LocList>
                                    <Loc EndOffset="632" SrcFileId="1" StartOffset="591"/>
                                </LocList>
                            </BasicStmnt>
                            <BasicStmnt CovItemId="S9" CovItemPrefix="smart_home.SmartHome.java" Intrnl_Id="27">
                                <LocList>
                                    <Loc EndOffset="683" SrcFileId="1" StartOffset="636"/>
                                </LocList>
                            </BasicStmnt>
                            <BasicStmnt CovItemId="S10" CovItemPrefix="smart_home.SmartHome.java" Intrnl_Id="28">
                                <LocList>
                                    <Loc EndOffset="729" SrcFileId="1" StartOffset="687"/>
                                </LocList>
                            </BasicStmnt>
                            <BasicStmnt CovItemId="S11" CovItemPrefix="smart_home.SmartHome.java" Intrnl_Id="29">
                                <LocList>
                                    <Loc EndOffset="776" SrcFileId="1" StartOffset="733"/>
                                </LocList>
                            </BasicStmnt>
                        </StmntSeq>
                    </HierarchyLvl>
                    <HierarchyLvl HierarchyLvlId="19" HierarchyLvlTypeId="5" Intrnl_Id="30" Name="allarme">
                        <Header>
                            <Loc EndOffset="885" SrcFileId="1" StartOffset="864"/>
                        </Header>
                        <LocList>
                            <Loc EndOffset="1234" SrcFileId="1" StartOffset="864"/>
                        </LocList>
                        <StmntSeq Intrnl_Id="31">
                            <LocList>
                                <Loc EndOffset="1230" SrcFileId="1" StartOffset="891"/>
                            </LocList>
                            <CondStmnt CovItemId="S12" CovItemPrefix="smart_home.SmartHome.java" Intrnl_Id="32">
                                <Branch CovItemId="B1" CovItemPrefix="smart_home.SmartHome.java" Implct="false" Intrnl_Id="33">
                                    <Cond/>
                                    <LocList>
                                        <Loc EndOffset="1230" SrcFileId="1" StartOffset="906"/>
                                    </LocList>
                                    <StmntSeq Intrnl_Id="34">
                                        <LocList>
                                            <Loc EndOffset="982" SrcFileId="1" StartOffset="912"/>
                                            <Loc EndOffset="1061" SrcFileId="1" StartOffset="992"/>
                                            <Loc EndOffset="1122" SrcFileId="1" StartOffset="1071"/>
                                            <Loc EndOffset="1173" SrcFileId="1" StartOffset="1127"/>
                                            <Loc EndOffset="1225" SrcFileId="1" StartOffset="1178"/>
                                        </LocList>
                                        <LoopStmnt CovItemId="S13" CovItemPrefix="smart_home.SmartHome.java" Intrnl_Id="35" MltplExecId="L3-2" MltplExecPrefix="smart_home.SmartHome.java" NvrExecId="L3-0" NvrExecPrefix="smart_home.SmartHome.java" OnceExecutedId="L3-1" OnceExecutedPrefix="smart_home.SmartHome.java" OptBodyExec="true">
                                            <StmntSeq Intrnl_Id="36">
                                                <LocList>
                                                    <Loc EndOffset="982" SrcFileId="1" StartOffset="955"/>
                                                </LocList>
                                                <BasicStmnt CovItemId="S14" CovItemPrefix="smart_home.SmartHome.java" Intrnl_Id="37">
                                                    <LocList>
                                                        <Loc EndOffset="982" SrcFileId="1" StartOffset="955"/>
                                                    </LocList>
                                                </BasicStmnt>
                                            </StmntSeq>
                                            <Keyword EndOffset="915" SrcFileId="1" StartOffset="912"/>
                                            <LocList>
                                                <Loc EndOffset="982" SrcFileId="1" StartOffset="912"/>
                                            </LocList>
                                            <RootTerm CovItemId="C4" CovItemPrefix="smart_home.SmartHome.java" Intrnl_Id="38">
                                                <BasicBoolTerm Intrnl_Id="39">
                                                    <LocList>
                                                        <Loc EndOffset="943" SrcFileId="1" StartOffset="928"/>
                                                    </LocList>
                                                </BasicBoolTerm>
                                            </RootTerm>
                                        </LoopStmnt>
                                        <LoopStmnt CovItemId="S15" CovItemPrefix="smart_home.SmartHome.java" Intrnl_Id="40" MltplExecId="L4-2" MltplExecPrefix="smart_home.SmartHome.java" NvrExecId="L4-0" NvrExecPrefix="smart_home.SmartHome.java" OnceExecutedId="L4-1" OnceExecutedPrefix="smart_home.SmartHome.java" OptBodyExec="true">
                                            <StmntSeq Intrnl_Id="41">
                                                <LocList>
                                                    <Loc EndOffset="1061" SrcFileId="1" StartOffset="1041"/>
                                                </LocList>
                                                <BasicStmnt CovItemId="S16" CovItemPrefix="smart_home.SmartHome.java" Intrnl_Id="42">
                                                    <LocList>
                                                        <Loc EndOffset="1061" SrcFileId="1" StartOffset="1041"/>
                                                    </LocList>
                                                </BasicStmnt>
                                            </StmntSeq>
                                            <Keyword EndOffset="995" SrcFileId="1" StartOffset="992"/>
                                            <LocList>
                                                <Loc EndOffset="1061" SrcFileId="1" StartOffset="992"/>
                                            </LocList>
                                            <RootTerm CovItemId="C5" CovItemPrefix="smart_home.SmartHome.java" Intrnl_Id="43">
                                                <BasicBoolTerm Intrnl_Id="44">
                                                    <LocList>
                                                        <Loc EndOffset="1029" SrcFileId="1" StartOffset="1008"/>
                                                    </LocList>
                                                </BasicBoolTerm>
                                            </RootTerm>
                                        </LoopStmnt>
                                        <BasicStmnt CovItemId="S17" CovItemPrefix="smart_home.SmartHome.java" Intrnl_Id="45">
                                            <LocList>
                                                <Loc EndOffset="1122" SrcFileId="1" StartOffset="1071"/>
                                            </LocList>
                                        </BasicStmnt>
                                        <BasicStmnt CovItemId="S18" CovItemPrefix="smart_home.SmartHome.java" Intrnl_Id="46">
                                            <LocList>
                                                <Loc EndOffset="1173" SrcFileId="1" StartOffset="1127"/>
                                            </LocList>
                                        </BasicStmnt>
                                        <BasicStmnt CovItemId="S19" CovItemPrefix="smart_home.SmartHome.java" Intrnl_Id="47">
                                            <LocList>
                                                <Loc EndOffset="1225" SrcFileId="1" StartOffset="1178"/>
                                            </LocList>
                                        </BasicStmnt>
                                    </StmntSeq>
                                </Branch>
                                <Branch CovItemId="B2" CovItemPrefix="smart_home.SmartHome.java" Implct="true" Intrnl_Id="48">
                                    <Cond/>
                                    <LocList/>
                                    <StmntSeq Intrnl_Id="49">
                                        <LocList/>
                                    </StmntSeq>
                                </Branch>
                                <Keyword EndOffset="893" SrcFileId="1" StartOffset="891"/>
                                <LocList>
                                    <Loc EndOffset="1230" SrcFileId="1" StartOffset="891"/>
                                </LocList>
                                <RootTerm CovItemId="C3" CovItemPrefix="smart_home.SmartHome.java" Intrnl_Id="50">
                                    <BasicBoolTerm Intrnl_Id="51">
                                        <LocList>
                                            <Loc EndOffset="904" SrcFileId="1" StartOffset="895"/>
                                        </LocList>
                                    </BasicBoolTerm>
                                </RootTerm>
                            </CondStmnt>
                        </StmntSeq>
                    </HierarchyLvl>
                    <HierarchyLvl HierarchyLvlId="20" HierarchyLvlTypeId="5" Intrnl_Id="52" Name="toggleAntifurto">
                        <Header>
                            <Loc EndOffset="1393" SrcFileId="1" StartOffset="1364"/>
                        </Header>
                        <LocList>
                            <Loc EndOffset="1595" SrcFileId="1" StartOffset="1364"/>
                        </LocList>
                        <StmntSeq Intrnl_Id="53">
                            <LocList>
                                <Loc EndOffset="1591" SrcFileId="1" StartOffset="1399"/>
                            </LocList>
                            <CondStmnt CovItemId="S20" CovItemPrefix="smart_home.SmartHome.java" Intrnl_Id="54">
                                <Branch CovItemId="B3" CovItemPrefix="smart_home.SmartHome.java" Implct="false" Intrnl_Id="55">
                                    <Cond/>
                                    <LocList>
                                        <Loc EndOffset="1502" SrcFileId="1" StartOffset="1414"/>
                                    </LocList>
                                    <StmntSeq Intrnl_Id="56">
                                        <LocList>
                                            <Loc EndOffset="1497" SrcFileId="1" StartOffset="1420"/>
                                        </LocList>
                                        <CondStmnt CovItemId="S21" CovItemPrefix="smart_home.SmartHome.java" Intrnl_Id="57">
                                            <Branch CovItemId="B5" CovItemPrefix="smart_home.SmartHome.java" Implct="false" Intrnl_Id="58">
                                                <Cond/>
                                                <LocList>
                                                    <Loc EndOffset="1497" SrcFileId="1" StartOffset="1479"/>
                                                </LocList>
                                                <StmntSeq Intrnl_Id="59">
                                                    <LocList>
                                                        <Loc EndOffset="1497" SrcFileId="1" StartOffset="1479"/>
                                                    </LocList>
                                                    <BasicStmnt CovItemId="S22" CovItemPrefix="smart_home.SmartHome.java" Intrnl_Id="60">
                                                        <LocList>
                                                            <Loc EndOffset="1497" SrcFileId="1" StartOffset="1479"/>
                                                        </LocList>
                                                    </BasicStmnt>
                                                </StmntSeq>
                                            </Branch>
                                            <Branch CovItemId="B6" CovItemPrefix="smart_home.SmartHome.java" Implct="true" Intrnl_Id="61">
                                                <Cond/>
                                                <LocList/>
                                                <StmntSeq Intrnl_Id="62">
                                                    <LocList/>
                                                </StmntSeq>
                                            </Branch>
                                            <Keyword EndOffset="1422" SrcFileId="1" StartOffset="1420"/>
                                            <LocList>
                                                <Loc EndOffset="1497" SrcFileId="1" StartOffset="1420"/>
                                            </LocList>
                                            <RootTerm CovItemId="C7" CovItemPrefix="smart_home.SmartHome.java" Intrnl_Id="63">
                                                <BasicBoolTerm Intrnl_Id="64">
                                                    <LocList>
                                                        <Loc EndOffset="1472" SrcFileId="1" StartOffset="1424"/>
                                                    </LocList>
                                                </BasicBoolTerm>
                                            </RootTerm>
                                        </CondStmnt>
                                    </StmntSeq>
                                </Branch>
                                <Branch CovItemId="B4" CovItemPrefix="smart_home.SmartHome.java" Implct="false" Intrnl_Id="65">
                                    <Cond>
                                        <Loc EndOffset="1506" SrcFileId="1" StartOffset="1502"/>
                                    </Cond>
                                    <LocList>
                                        <Loc EndOffset="1591" SrcFileId="1" StartOffset="1507"/>
                                    </LocList>
                                    <StmntSeq Intrnl_Id="66">
                                        <LocList>
                                            <Loc EndOffset="1530" SrcFileId="1" StartOffset="1513"/>
                                            <Loc EndOffset="1586" SrcFileId="1" StartOffset="1535"/>
                                        </LocList>
                                        <BasicStmnt CovItemId="S23" CovItemPrefix="smart_home.SmartHome.java" Intrnl_Id="67">
                                            <LocList>
                                                <Loc EndOffset="1530" SrcFileId="1" StartOffset="1513"/>
                                            </LocList>
                                        </BasicStmnt>
                                        <BasicStmnt CovItemId="S24" CovItemPrefix="smart_home.SmartHome.java" Intrnl_Id="68">
                                            <LocList>
                                                <Loc EndOffset="1586" SrcFileId="1" StartOffset="1535"/>
                                            </LocList>
                                        </BasicStmnt>
                                    </StmntSeq>
                                </Branch>
                                <Keyword EndOffset="1401" SrcFileId="1" StartOffset="1399"/>
                                <LocList>
                                    <Loc EndOffset="1591" SrcFileId="1" StartOffset="1399"/>
                                </LocList>
                                <RootTerm CovItemId="C6" CovItemPrefix="smart_home.SmartHome.java" Intrnl_Id="69">
                                    <BasicBoolTerm Intrnl_Id="70">
                                        <LocList>
                                            <Loc EndOffset="1412" SrcFileId="1" StartOffset="1403"/>
                                        </LocList>
                                    </BasicBoolTerm>
                                </RootTerm>
                            </CondStmnt>
                        </StmntSeq>
                    </HierarchyLvl>
                    <HierarchyLvl HierarchyLvlId="21" HierarchyLvlTypeId="5" Intrnl_Id="71" Name="chiudiTutto">
                        <Header>
                            <Loc EndOffset="1753" SrcFileId="1" StartOffset="1728"/>
                        </Header>
                        <LocList>
                            <Loc EndOffset="2016" SrcFileId="1" StartOffset="1728"/>
                        </LocList>
                        <StmntSeq Intrnl_Id="72">
                            <LocList>
                                <Loc EndOffset="1827" SrcFileId="1" StartOffset="1759"/>
                                <Loc EndOffset="1886" SrcFileId="1" StartOffset="1835"/>
                                <Loc EndOffset="1936" SrcFileId="1" StartOffset="1890"/>
                                <Loc EndOffset="1987" SrcFileId="1" StartOffset="1940"/>
                                <Loc EndOffset="2012" SrcFileId="1" StartOffset="1995"/>
                            </LocList>
                            <LoopStmnt CovItemId="S25" CovItemPrefix="smart_home.SmartHome.java" Intrnl_Id="73" MltplExecId="L5-2" MltplExecPrefix="smart_home.SmartHome.java" NvrExecId="L5-0" NvrExecPrefix="smart_home.SmartHome.java" OnceExecutedId="L5-1" OnceExecutedPrefix="smart_home.SmartHome.java" OptBodyExec="true">
                                <StmntSeq Intrnl_Id="74">
                                    <LocList>
                                        <Loc EndOffset="1827" SrcFileId="1" StartOffset="1807"/>
                                    </LocList>
                                    <BasicStmnt CovItemId="S26" CovItemPrefix="smart_home.SmartHome.java" Intrnl_Id="75">
                                        <LocList>
                                            <Loc EndOffset="1827" SrcFileId="1" StartOffset="1807"/>
                                        </LocList>
                                    </BasicStmnt>
                                </StmntSeq>
                                <Keyword EndOffset="1762" SrcFileId="1" StartOffset="1759"/>
                                <LocList>
                                    <Loc EndOffset="1827" SrcFileId="1" StartOffset="1759"/>
                                </LocList>
                                <RootTerm CovItemId="C8" CovItemPrefix="smart_home.SmartHome.java" Intrnl_Id="76">
                                    <BasicBoolTerm Intrnl_Id="77">
                                        <LocList>
                                            <Loc EndOffset="1796" SrcFileId="1" StartOffset="1775"/>
                                        </LocList>
                                    </BasicBoolTerm>
                                </RootTerm>
                            </LoopStmnt>
                            <BasicStmnt CovItemId="S27" CovItemPrefix="smart_home.SmartHome.java" Intrnl_Id="78">
                                <LocList>
                                    <Loc EndOffset="1886" SrcFileId="1" StartOffset="1835"/>
                                </LocList>
                            </BasicStmnt>
                            <BasicStmnt CovItemId="S28" CovItemPrefix="smart_home.SmartHome.java" Intrnl_Id="79">
                                <LocList>
                                    <Loc EndOffset="1936" SrcFileId="1" StartOffset="1890"/>
                                </LocList>
                            </BasicStmnt>
                            <BasicStmnt CovItemId="S29" CovItemPrefix="smart_home.SmartHome.java" Intrnl_Id="80">
                                <LocList>
                                    <Loc EndOffset="1987" SrcFileId="1" StartOffset="1940"/>
                                </LocList>
                            </BasicStmnt>
                            <BasicStmnt CovItemId="S30" CovItemPrefix="smart_home.SmartHome.java" Intrnl_Id="81">
                                <LocList>
                                    <Loc EndOffset="2012" SrcFileId="1" StartOffset="1995"/>
                                </LocList>
                            </BasicStmnt>
                        </StmntSeq>
                    </HierarchyLvl>
                    <HierarchyLvl HierarchyLvlId="22" HierarchyLvlTypeId="5" Intrnl_Id="82" Name="apriTutto">
                        <Header>
                            <Loc EndOffset="2042" SrcFileId="1" StartOffset="2019"/>
                        </Header>
                        <LocList>
                            <Loc EndOffset="2279" SrcFileId="1" StartOffset="2019"/>
                        </LocList>
                        <StmntSeq Intrnl_Id="83">
                            <LocList>
                                <Loc EndOffset="2115" SrcFileId="1" StartOffset="2049"/>
                                <Loc EndOffset="2174" SrcFileId="1" StartOffset="2123"/>
                                <Loc EndOffset="2224" SrcFileId="1" StartOffset="2178"/>
                                <Loc EndOffset="2275" SrcFileId="1" StartOffset="2228"/>
                            </LocList>
                            <LoopStmnt CovItemId="S31" CovItemPrefix="smart_home.SmartHome.java" Intrnl_Id="84" MltplExecId="L6-2" MltplExecPrefix="smart_home.SmartHome.java" NvrExecId="L6-0" NvrExecPrefix="smart_home.SmartHome.java" OnceExecutedId="L6-1" OnceExecutedPrefix="smart_home.SmartHome.java" OptBodyExec="true">
                                <StmntSeq Intrnl_Id="85">
                                    <LocList>
                                        <Loc EndOffset="2115" SrcFileId="1" StartOffset="2097"/>
                                    </LocList>
                                    <BasicStmnt CovItemId="S32" CovItemPrefix="smart_home.SmartHome.java" Intrnl_Id="86">
                                        <LocList>
                                            <Loc EndOffset="2115" SrcFileId="1" StartOffset="2097"/>
                                        </LocList>
                                    </BasicStmnt>
                                </StmntSeq>
                                <Keyword EndOffset="2052" SrcFileId="1" StartOffset="2049"/>
                                <LocList>
                                    <Loc EndOffset="2115" SrcFileId="1" StartOffset="2049"/>
                                </LocList>
                                <RootTerm CovItemId="C9" CovItemPrefix="smart_home.SmartHome.java" Intrnl_Id="87">
                                    <BasicBoolTerm Intrnl_Id="88">
                                        <LocList>
                                            <Loc EndOffset="2086" SrcFileId="1" StartOffset="2065"/>
                                        </LocList>
                                    </BasicBoolTerm>
                                </RootTerm>
                            </LoopStmnt>
                            <BasicStmnt CovItemId="S33" CovItemPrefix="smart_home.SmartHome.java" Intrnl_Id="89">
                                <LocList>
                                    <Loc EndOffset="2174" SrcFileId="1" StartOffset="2123"/>
                                </LocList>
                            </BasicStmnt>
                            <BasicStmnt CovItemId="S34" CovItemPrefix="smart_home.SmartHome.java" Intrnl_Id="90">
                                <LocList>
                                    <Loc EndOffset="2224" SrcFileId="1" StartOffset="2178"/>
                                </LocList>
                            </BasicStmnt>
                            <BasicStmnt CovItemId="S35" CovItemPrefix="smart_home.SmartHome.java" Intrnl_Id="91">
                                <LocList>
                                    <Loc EndOffset="2275" SrcFileId="1" StartOffset="2228"/>
                                </LocList>
                            </BasicStmnt>
                        </StmntSeq>
                    </HierarchyLvl>
                    <HierarchyLvl HierarchyLvlId="23" HierarchyLvlTypeId="5" Intrnl_Id="92" Name="accendiLuce">
                        <Header>
                            <Loc EndOffset="2391" SrcFileId="1" StartOffset="2361"/>
                        </Header>
                        <LocList>
                            <Loc EndOffset="2423" SrcFileId="1" StartOffset="2361"/>
                        </LocList>
                        <StmntSeq Intrnl_Id="93">
                            <LocList>
                                <Loc EndOffset="2421" SrcFileId="1" StartOffset="2394"/>
                            </LocList>
                            <BasicStmnt CovItemId="S36" CovItemPrefix="smart_home.SmartHome.java" Intrnl_Id="94">
                                <LocList>
                                    <Loc EndOffset="2421" SrcFileId="1" StartOffset="2394"/>
                                </LocList>
                            </BasicStmnt>
                        </StmntSeq>
                    </HierarchyLvl>
                    <HierarchyLvl HierarchyLvlId="24" HierarchyLvlTypeId="5" Intrnl_Id="95" Name="spegniLuce">
                        <Header>
                            <Loc EndOffset="2455" SrcFileId="1" StartOffset="2426"/>
                        </Header>
                        <LocList>
                            <Loc EndOffset="2487" SrcFileId="1" StartOffset="2426"/>
                        </LocList>
                        <StmntSeq Intrnl_Id="96">
                            <LocList>
                                <Loc EndOffset="2485" SrcFileId="1" StartOffset="2458"/>
                            </LocList>
                            <BasicStmnt CovItemId="S37" CovItemPrefix="smart_home.SmartHome.java" Intrnl_Id="97">
                                <LocList>
                                    <Loc EndOffset="2485" SrcFileId="1" StartOffset="2458"/>
                                </LocList>
                            </BasicStmnt>
                        </StmntSeq>
                    </HierarchyLvl>
                    <HierarchyLvl HierarchyLvlId="25" HierarchyLvlTypeId="5" Intrnl_Id="98" Name="luceSoffusa">
                        <Header>
                            <Loc EndOffset="2520" SrcFileId="1" StartOffset="2490"/>
                        </Header>
                        <LocList>
                            <Loc EndOffset="2553" SrcFileId="1" StartOffset="2490"/>
                        </LocList>
                        <StmntSeq Intrnl_Id="99">
                            <LocList>
                                <Loc EndOffset="2551" SrcFileId="1" StartOffset="2523"/>
                            </LocList>
                            <BasicStmnt CovItemId="S38" CovItemPrefix="smart_home.SmartHome.java" Intrnl_Id="100">
                                <LocList>
                                    <Loc EndOffset="2551" SrcFileId="1" StartOffset="2523"/>
                                </LocList>
                            </BasicStmnt>
                        </StmntSeq>
                    </HierarchyLvl>
                    <HierarchyLvl HierarchyLvlId="26" HierarchyLvlTypeId="5" Intrnl_Id="101" Name="impostaTapparella">
                        <Header>
                            <Loc EndOffset="2718" SrcFileId="1" StartOffset="2669"/>
                        </Header>
                        <LocList>
                            <Loc EndOffset="2755" SrcFileId="1" StartOffset="2669"/>
                        </LocList>
                        <StmntSeq Intrnl_Id="102">
                            <LocList>
                                <Loc EndOffset="2748" SrcFileId="1" StartOffset="2724"/>
                            </LocList>
                            <BasicStmnt CovItemId="S39" CovItemPrefix="smart_home.SmartHome.java" Intrnl_Id="103">
                                <LocList>
                                    <Loc EndOffset="2748" SrcFileId="1" StartOffset="2724"/>
                                </LocList>
                            </BasicStmnt>
                        </StmntSeq>
                    </HierarchyLvl>
                    <HierarchyLvl HierarchyLvlId="27" HierarchyLvlTypeId="5" Intrnl_Id="104" Name="apriTapparelle">
                        <Header>
                            <Loc EndOffset="2786" SrcFileId="1" StartOffset="2758"/>
                        </Header>
                        <LocList>
                            <Loc EndOffset="2862" SrcFileId="1" StartOffset="2758"/>
                        </LocList>
                        <StmntSeq Intrnl_Id="105">
                            <LocList>
                                <Loc EndOffset="2858" SrcFileId="1" StartOffset="2792"/>
                            </LocList>
                            <LoopStmnt CovItemId="S40" CovItemPrefix="smart_home.SmartHome.java" Intrnl_Id="106" MltplExecId="L7-2" MltplExecPrefix="smart_home.SmartHome.java" NvrExecId="L7-0" NvrExecPrefix="smart_home.SmartHome.java" OnceExecutedId="L7-1" OnceExecutedPrefix="smart_home.SmartHome.java" OptBodyExec="true">
                                <StmntSeq Intrnl_Id="107">
                                    <LocList>
                                        <Loc EndOffset="2858" SrcFileId="1" StartOffset="2840"/>
                                    </LocList>
                                    <BasicStmnt CovItemId="S41" CovItemPrefix="smart_home.SmartHome.java" Intrnl_Id="108">
                                        <LocList>
                                            <Loc EndOffset="2858" SrcFileId="1" StartOffset="2840"/>
                                        </LocList>
                                    </BasicStmnt>
                                </StmntSeq>
                                <Keyword EndOffset="2795" SrcFileId="1" StartOffset="2792"/>
                                <LocList>
                                    <Loc EndOffset="2858" SrcFileId="1" StartOffset="2792"/>
                                </LocList>
                                <RootTerm CovItemId="C10" CovItemPrefix="smart_home.SmartHome.java" Intrnl_Id="109">
                                    <BasicBoolTerm Intrnl_Id="110">
                                        <LocList>
                                            <Loc EndOffset="2829" SrcFileId="1" StartOffset="2808"/>
                                        </LocList>
                                    </BasicBoolTerm>
                                </RootTerm>
                            </LoopStmnt>
                        </StmntSeq>
                    </HierarchyLvl>
                    <HierarchyLvl HierarchyLvlId="28" HierarchyLvlTypeId="5" Intrnl_Id="111" Name="chiudiTapparelle">
                        <Header>
                            <Loc EndOffset="2895" SrcFileId="1" StartOffset="2865"/>
                        </Header>
                        <LocList>
                            <Loc EndOffset="2973" SrcFileId="1" StartOffset="2865"/>
                        </LocList>
                        <StmntSeq Intrnl_Id="112">
                            <LocList>
                                <Loc EndOffset="2969" SrcFileId="1" StartOffset="2901"/>
                            </LocList>
                            <LoopStmnt CovItemId="S42" CovItemPrefix="smart_home.SmartHome.java" Intrnl_Id="113" MltplExecId="L8-2" MltplExecPrefix="smart_home.SmartHome.java" NvrExecId="L8-0" NvrExecPrefix="smart_home.SmartHome.java" OnceExecutedId="L8-1" OnceExecutedPrefix="smart_home.SmartHome.java" OptBodyExec="true">
                                <StmntSeq Intrnl_Id="114">
                                    <LocList>
                                        <Loc EndOffset="2969" SrcFileId="1" StartOffset="2949"/>
                                    </LocList>
                                    <BasicStmnt CovItemId="S43" CovItemPrefix="smart_home.SmartHome.java" Intrnl_Id="115">
                                        <LocList>
                                            <Loc EndOffset="2969" SrcFileId="1" StartOffset="2949"/>
                                        </LocList>
                                    </BasicStmnt>
                                </StmntSeq>
                                <Keyword EndOffset="2904" SrcFileId="1" StartOffset="2901"/>
                                <LocList>
                                    <Loc EndOffset="2969" SrcFileId="1" StartOffset="2901"/>
                                </LocList>
                                <RootTerm CovItemId="C11" CovItemPrefix="smart_home.SmartHome.java" Intrnl_Id="116">
                                    <BasicBoolTerm Intrnl_Id="117">
                                        <LocList>
                                            <Loc EndOffset="2938" SrcFileId="1" StartOffset="2917"/>
                                        </LocList>
                                    </BasicBoolTerm>
                                </RootTerm>
                            </LoopStmnt>
                        </StmntSeq>
                    </HierarchyLvl>
                    <HierarchyLvl HierarchyLvlId="29" HierarchyLvlTypeId="5" Intrnl_Id="118" Name="apriPorta">
                        <Header>
                            <Loc EndOffset="3268" SrcFileId="1" StartOffset="3238"/>
                        </Header>
                        <LocList>
                            <Loc EndOffset="3632" SrcFileId="1" StartOffset="3238"/>
                        </LocList>
                        <StmntSeq Intrnl_Id="119">
                            <LocList>
                                <Loc EndOffset="3310" SrcFileId="1" StartOffset="3274"/>
                                <Loc EndOffset="3345" SrcFileId="1" StartOffset="3318"/>
                                <Loc EndOffset="3474" SrcFileId="1" StartOffset="3349"/>
                                <Loc EndOffset="3623" SrcFileId="1" StartOffset="3478"/>
                            </LocList>
                            <BasicStmnt CovItemId="S44" CovItemPrefix="smart_home.SmartHome.java" Intrnl_Id="120">
                                <LocList>
                                    <Loc EndOffset="3310" SrcFileId="1" StartOffset="3274"/>
                                </LocList>
                            </BasicStmnt>
                            <BasicStmnt CovItemId="S45" CovItemPrefix="smart_home.SmartHome.java" Intrnl_Id="121">
                                <LocList>
                                    <Loc EndOffset="3345" SrcFileId="1" StartOffset="3318"/>
                                </LocList>
                            </BasicStmnt>
                            <LoopStmnt CovItemId="S46" CovItemPrefix="smart_home.SmartHome.java" Intrnl_Id="122" MltplExecId="L9-2" MltplExecPrefix="smart_home.SmartHome.java" NvrExecId="L9-0" NvrExecPrefix="smart_home.SmartHome.java" OnceExecutedId="L9-1" OnceExecutedPrefix="smart_home.SmartHome.java" OptBodyExec="true">
                                <StmntSeq Intrnl_Id="123">
                                    <LocList>
                                        <Loc EndOffset="3469" SrcFileId="1" StartOffset="3393"/>
                                    </LocList>
                                    <CondStmnt CovItemId="S47" CovItemPrefix="smart_home.SmartHome.java" Intrnl_Id="124">
                                        <Branch CovItemId="B7" CovItemPrefix="smart_home.SmartHome.java" Implct="false" Intrnl_Id="125">
                                            <Cond/>
                                            <LocList>
                                                <Loc EndOffset="3469" SrcFileId="1" StartOffset="3426"/>
                                            </LocList>
                                            <StmntSeq Intrnl_Id="126">
                                                <LocList>
                                                    <Loc EndOffset="3451" SrcFileId="1" StartOffset="3433"/>
                                                    <Loc EndOffset="3463" SrcFileId="1" StartOffset="3457"/>
                                                </LocList>
                                                <BasicStmnt CovItemId="S48" CovItemPrefix="smart_home.SmartHome.java" Intrnl_Id="127">
                                                    <LocList>
                                                        <Loc EndOffset="3451" SrcFileId="1" StartOffset="3433"/>
                                                    </LocList>
                                                </BasicStmnt>
                                                <BasicStmnt CovItemId="S49" CovItemPrefix="smart_home.SmartHome.java" Intrnl_Id="128">
                                                    <LocList>
                                                        <Loc EndOffset="3463" SrcFileId="1" StartOffset="3457"/>
                                                    </LocList>
                                                </BasicStmnt>
                                            </StmntSeq>
                                        </Branch>
                                        <Branch CovItemId="B8" CovItemPrefix="smart_home.SmartHome.java" Implct="true" Intrnl_Id="129">
                                            <Cond/>
                                            <LocList/>
                                            <StmntSeq Intrnl_Id="130">
                                                <LocList/>
                                            </StmntSeq>
                                        </Branch>
                                        <Keyword EndOffset="3395" SrcFileId="1" StartOffset="3393"/>
                                        <LocList>
                                            <Loc EndOffset="3469" SrcFileId="1" StartOffset="3393"/>
                                        </LocList>
                                        <RootTerm CovItemId="C13" CovItemPrefix="smart_home.SmartHome.java" Intrnl_Id="131">
                                            <BasicBoolTerm Intrnl_Id="132">
                                                <LocList>
                                                    <Loc EndOffset="3424" SrcFileId="1" StartOffset="3397"/>
                                                </LocList>
                                            </BasicBoolTerm>
                                        </RootTerm>
                                    </CondStmnt>
                                </StmntSeq>
                                <Keyword EndOffset="3352" SrcFileId="1" StartOffset="3349"/>
                                <LocList>
                                    <Loc EndOffset="3474" SrcFileId="1" StartOffset="3349"/>
                                </LocList>
                                <RootTerm CovItemId="C12" CovItemPrefix="smart_home.SmartHome.java" Intrnl_Id="133">
                                    <BasicBoolTerm Intrnl_Id="134">
                                        <LocList>
                                            <Loc EndOffset="3380" SrcFileId="1" StartOffset="3365"/>
                                        </LocList>
                                    </BasicBoolTerm>
                                </RootTerm>
                            </LoopStmnt>
                            <CondStmnt CovItemId="S50" CovItemPrefix="smart_home.SmartHome.java" Intrnl_Id="135">
                                <Branch CovItemId="B9" CovItemPrefix="smart_home.SmartHome.java" Implct="false" Intrnl_Id="136">
                                    <Cond/>
                                    <LocList>
                                        <Loc EndOffset="3623" SrcFileId="1" StartOffset="3520"/>
                                    </LocList>
                                    <StmntSeq Intrnl_Id="137">
                                        <LocList>
                                            <Loc EndOffset="3618" SrcFileId="1" StartOffset="3526"/>
                                        </LocList>
                                        <LoopStmnt CovItemId="S51" CovItemPrefix="smart_home.SmartHome.java" Intrnl_Id="138" MltplExecId="L10-2" MltplExecPrefix="smart_home.SmartHome.java" NvrExecId="L10-0" NvrExecPrefix="smart_home.SmartHome.java" OnceExecutedId="L10-1" OnceExecutedPrefix="smart_home.SmartHome.java" OptBodyExec="true">
                                            <StmntSeq Intrnl_Id="139">
                                                <LocList>
                                                    <Loc EndOffset="3618" SrcFileId="1" StartOffset="3575"/>
                                                </LocList>
                                                <CondStmnt CovItemId="S52" CovItemPrefix="smart_home.SmartHome.java" Intrnl_Id="140">
                                                    <Branch CovItemId="B11" CovItemPrefix="smart_home.SmartHome.java" Implct="false" Intrnl_Id="141">
                                                        <Cond/>
                                                        <LocList>
                                                            <Loc EndOffset="3618" SrcFileId="1" StartOffset="3599"/>
                                                        </LocList>
                                                        <StmntSeq Intrnl_Id="142">
                                                            <LocList>
                                                                <Loc EndOffset="3618" SrcFileId="1" StartOffset="3599"/>
                                                            </LocList>
                                                            <BasicStmnt CovItemId="S53" CovItemPrefix="smart_home.SmartHome.java" Intrnl_Id="143">
                                                                <LocList>
                                                                    <Loc EndOffset="3618" SrcFileId="1" StartOffset="3599"/>
                                                                </LocList>
                                                            </BasicStmnt>
                                                        </StmntSeq>
                                                    </Branch>
                                                    <Branch CovItemId="B12" CovItemPrefix="smart_home.SmartHome.java" Implct="true" Intrnl_Id="144">
                                                        <Cond/>
                                                        <LocList/>
                                                        <StmntSeq Intrnl_Id="145">
                                                            <LocList/>
                                                        </StmntSeq>
                                                    </Branch>
                                                    <Keyword EndOffset="3577" SrcFileId="1" StartOffset="3575"/>
                                                    <LocList>
                                                        <Loc EndOffset="3618" SrcFileId="1" StartOffset="3575"/>
                                                    </LocList>
                                                    <RootTerm CovItemId="C16" CovItemPrefix="smart_home.SmartHome.java" Intrnl_Id="146">
                                                        <BasicBoolTerm Intrnl_Id="147">
                                                            <LocList>
                                                                <Loc EndOffset="3597" SrcFileId="1" StartOffset="3579"/>
                                                            </LocList>
                                                        </BasicBoolTerm>
                                                    </RootTerm>
                                                </CondStmnt>
                                            </StmntSeq>
                                            <Keyword EndOffset="3529" SrcFileId="1" StartOffset="3526"/>
                                            <LocList>
                                                <Loc EndOffset="3618" SrcFileId="1" StartOffset="3526"/>
                                            </LocList>
                                            <RootTerm CovItemId="C15" CovItemPrefix="smart_home.SmartHome.java" Intrnl_Id="148">
                                                <BasicBoolTerm Intrnl_Id="149">
                                                    <LocList>
                                                        <Loc EndOffset="3563" SrcFileId="1" StartOffset="3542"/>
                                                    </LocList>
                                                </BasicBoolTerm>
                                            </RootTerm>
                                        </LoopStmnt>
                                    </StmntSeq>
                                </Branch>
                                <Branch CovItemId="B10" CovItemPrefix="smart_home.SmartHome.java" Implct="true" Intrnl_Id="150">
                                    <Cond/>
                                    <LocList/>
                                    <StmntSeq Intrnl_Id="151">
                                        <LocList/>
                                    </StmntSeq>
                                </Branch>
                                <Keyword EndOffset="3480" SrcFileId="1" StartOffset="3478"/>
                                <LocList>
                                    <Loc EndOffset="3623" SrcFileId="1" StartOffset="3478"/>
                                </LocList>
                                <RootTerm CovItemId="C14" CovItemPrefix="smart_home.SmartHome.java" Intrnl_Id="152">
                                    <OpTerm BooleanOpId="2" Intrnl_Id="153">
                                        <BasicBoolTerm Intrnl_Id="154">
                                            <LocList>
                                                <Loc EndOffset="3503" SrcFileId="1" StartOffset="3482"/>
                                            </LocList>
                                        </BasicBoolTerm>
                                        <OpTerm BooleanOpId="3" Intrnl_Id="155">
                                            <BasicBoolTerm Intrnl_Id="156">
                                                <LocList>
                                                    <Loc EndOffset="3518" SrcFileId="1" StartOffset="3508"/>
                                                </LocList>
                                            </BasicBoolTerm>
                                            <LocList>
                                                <Loc EndOffset="3508" SrcFileId="1" StartOffset="3507"/>
                                            </LocList>
                                        </OpTerm>
                                        <LocList>
                                            <Loc EndOffset="3506" SrcFileId="1" StartOffset="3504"/>
                                        </LocList>
                                    </OpTerm>
                                </RootTerm>
                            </CondStmnt>
                        </StmntSeq>
                    </HierarchyLvl>
                    <HierarchyLvl HierarchyLvlId="30" HierarchyLvlTypeId="5" Intrnl_Id="157" Name="chiudiPorta">
                        <Header>
                            <Loc EndOffset="3667" SrcFileId="1" StartOffset="3635"/>
                        </Header>
                        <LocList>
                            <Loc EndOffset="3769" SrcFileId="1" StartOffset="3635"/>
                        </LocList>
                        <StmntSeq Intrnl_Id="158">
                            <LocList>
                                <Loc EndOffset="3725" SrcFileId="1" StartOffset="3673"/>
                                <Loc EndOffset="3765" SrcFileId="1" StartOffset="3729"/>
                            </LocList>
                            <CondStmnt CovItemId="S54" CovItemPrefix="smart_home.SmartHome.java" Intrnl_Id="159">
                                <Branch CovItemId="B13" CovItemPrefix="smart_home.SmartHome.java" Implct="false" Intrnl_Id="160">
                                    <Cond/>
                                    <LocList>
                                        <Loc EndOffset="3725" SrcFileId="1" StartOffset="3718"/>
                                    </LocList>
                                    <StmntSeq Intrnl_Id="161">
                                        <LocList>
                                            <Loc EndOffset="3725" SrcFileId="1" StartOffset="3718"/>
                                        </LocList>
                                        <BasicStmnt CovItemId="S55" CovItemPrefix="smart_home.SmartHome.java" Intrnl_Id="162">
                                            <LocList>
                                                <Loc EndOffset="3725" SrcFileId="1" StartOffset="3718"/>
                                            </LocList>
                                        </BasicStmnt>
                                    </StmntSeq>
                                </Branch>
                                <Branch CovItemId="B14" CovItemPrefix="smart_home.SmartHome.java" Implct="true" Intrnl_Id="163">
                                    <Cond/>
                                    <LocList/>
                                    <StmntSeq Intrnl_Id="164">
                                        <LocList/>
                                    </StmntSeq>
                                </Branch>
                                <Keyword EndOffset="3675" SrcFileId="1" StartOffset="3673"/>
                                <LocList>
                                    <Loc EndOffset="3725" SrcFileId="1" StartOffset="3673"/>
                                </LocList>
                                <RootTerm CovItemId="C17" CovItemPrefix="smart_home.SmartHome.java" Intrnl_Id="165">
                                    <OpTerm BooleanOpId="2" Intrnl_Id="166">
                                        <BasicBoolTerm Intrnl_Id="167">
                                            <LocList>
                                                <Loc EndOffset="3698" SrcFileId="1" StartOffset="3677"/>
                                            </LocList>
                                        </BasicBoolTerm>
                                        <OpTerm BooleanOpId="3" Intrnl_Id="168">
                                            <BasicBoolTerm Intrnl_Id="169">
                                                <LocList>
                                                    <Loc EndOffset="3712" SrcFileId="1" StartOffset="3703"/>
                                                </LocList>
                                            </BasicBoolTerm>
                                            <LocList>
                                                <Loc EndOffset="3703" SrcFileId="1" StartOffset="3702"/>
                                            </LocList>
                                        </OpTerm>
                                        <LocList>
                                            <Loc EndOffset="3701" SrcFileId="1" StartOffset="3699"/>
                                        </LocList>
                                    </OpTerm>
                                </RootTerm>
                            </CondStmnt>
                            <BasicStmnt CovItemId="S56" CovItemPrefix="smart_home.SmartHome.java" Intrnl_Id="170">
                                <LocList>
                                    <Loc EndOffset="3765" SrcFileId="1" StartOffset="3729"/>
                                </LocList>
                            </BasicStmnt>
                        </StmntSeq>
                    </HierarchyLvl>
                </HierarchyLvl>
            </HierarchyLvl>
        </HierarchyLvl>
    </MASTRoot>
</TestSessionContainer>
