<?xml version="1.0" encoding="UTF-8"?><TestSessionContainer xmlns="http://www.codecover.org/xml/testsession-container" Date="1688994791456" TestSessionContainerId="aaa19396-95e2-473a-9818-e9a144961fd8" version="1.0">
    <SrcFileList>
        <SrcFile Content="package smart_home;&#13;&#10;&#13;&#10;import java.util.Map;&#13;&#10;&#13;&#10;public class SmartHome {&#13;&#10;&#9;protected boolean antifurto;&#13;&#10;&#9;protected int[] tapparelle;&#13;&#10;&#9;protected StatoLuce[] luci;&#13;&#10;&#9;protected Map&lt;Porta, StatoPorta&gt; porte;&#13;&#10;&#9;&#13;&#10;&#9;//protected StazioneMeteo sm;&#13;&#10;&#9;&#13;&#10;&#9;public SmartHome(int n_luci, int n_tapparelle) {&#13;&#10;&#9;&#9;//sm = new StazioneMeteo();&#13;&#10;&#9;&#9;&#13;&#10;&#9;&#9;antifurto = true;&#13;&#10;&#9;&#9;&#13;&#10;&#9;&#9;luci = new StatoLuce[n_luci];&#13;&#10;&#9;&#9;for (int i = 0; i &lt; luci.length; i++)&#13;&#10;&#9;&#9;&#9;luci[i] = StatoLuce.SPENTA;&#13;&#10;&#9;&#9;&#13;&#10;&#9;&#9;tapparelle = new int[n_tapparelle];&#13;&#10;&#9;&#9;for (int i = 0; i &lt; tapparelle.length; i++)&#13;&#10;&#9;&#9;&#9;tapparelle[i] = 100;&#13;&#10;&#9;&#9;&#13;&#10;&#9;&#9;porte = new HashMap&lt;Porta, StatoPorta&gt;();&#13;&#10;&#9;&#9;porte.put(Porta.PRINCIPALE, StatoPorta.CHIUSA);&#13;&#10;&#9;&#9;porte.put(Porta.RETRO, StatoPorta.CHIUSA);&#13;&#10;&#9;&#9;porte.put(Porta.GARAGE, StatoPorta.CHIUSA);&#13;&#10;&#9;&#9;&#13;&#10;&#9;}&#13;&#10;&#9;&#13;&#10;&#9;// Quando scatta l'allarme, chiudi porte e tapparelle e accendi le luci&#13;&#10;&#9;public void allarme() {&#13;&#10;&#9;&#9;if (antifurto) {&#13;&#10;&#9;&#9;&#9;for (int i = 0; i &lt; luci.length; i++)&#13;&#10;&#9;&#9;&#9;&#9;luci[i] = StatoLuce.ACCESA;&#13;&#10;&#9;&#9;&#9;&#13;&#10;&#9;&#9;&#9;for (int i = 0; i &lt; tapparelle.length; i++)&#13;&#10;&#9;&#9;&#9;&#9;tapparelle[i] = 100;&#13;&#10;&#9;&#9;&#9;&#13;&#10;&#9;&#9;&#9;porte.replace(Porta.PRINCIPALE, StatoPorta.CHIUSA);&#13;&#10;&#9;&#9;&#9;porte.replace(Porta.RETRO, StatoPorta.CHIUSA);&#13;&#10;&#9;&#9;&#9;porte.replace(Porta.GARAGE, StatoPorta.CHIUSA);&#13;&#10;&#9;&#9;}&#13;&#10;&#9;}&#13;&#10;&#9;&#13;&#10;&#9;// Quando attivo l'antifurto, la porta principale si chiude&#13;&#10;&#9;// e non posso disattivarlo se la porta principale è aperta&#13;&#10;&#9;public void toggleAntifurto() {&#13;&#10;&#9;&#9;if (antifurto) {&#13;&#10;&#9;&#9;&#9;if (porte.get(Porta.PRINCIPALE) == StatoPorta.APERTA)&#13;&#10;&#9;&#9;&#9;&#9;antifurto = false;&#13;&#10;&#9;&#9;}else {&#13;&#10;&#9;&#9;&#9;antifurto = true;&#13;&#10;&#9;&#9;&#9;porte.replace(Porta.PRINCIPALE, StatoPorta.CHIUSA);&#13;&#10;&#9;&#9;}&#13;&#10;&#9;}&#13;&#10;&#9;&#13;&#10;&#9;// Le azioni totali sulla casa aprono (o chiudono) tutte le porte e tapparelle&#13;&#10;&#9;// se chiudo tutto attivo anche l'antifurto&#13;&#10;&#9;public void chiudiTutto() {&#13;&#10;&#9;&#9;for (int i = 0; i &lt; tapparelle.length; i++)&#13;&#10;&#9;&#9;&#9;tapparelle[i] = 100;&#13;&#10;&#9;&#9;&#13;&#10;&#9;&#9;porte.replace(Porta.PRINCIPALE, StatoPorta.CHIUSA);&#13;&#10;&#9;&#9;porte.replace(Porta.RETRO, StatoPorta.CHIUSA);&#13;&#10;&#9;&#9;porte.replace(Porta.GARAGE, StatoPorta.CHIUSA);&#13;&#10;&#9;&#9;&#13;&#10;&#9;&#9;antifurto = true;&#13;&#10;&#9;}&#13;&#10;&#9;public void apriTutto() {&#9;&#13;&#10;&#9;&#9;for (int i = 0; i &lt; tapparelle.length; i++)&#13;&#10;&#9;&#9;&#9;tapparelle[i] = 0;&#13;&#10;&#9;&#9;&#13;&#10;&#9;&#9;porte.replace(Porta.PRINCIPALE, StatoPorta.APERTA);&#13;&#10;&#9;&#9;porte.replace(Porta.RETRO, StatoPorta.APERTA);&#13;&#10;&#9;&#9;porte.replace(Porta.GARAGE, StatoPorta.APERTA);&#13;&#10;&#9;}&#13;&#10;&#9;&#13;&#10;&#9;// Le azioni sulle luci ne modificano solo una (accesa, spenta o soffusa)&#13;&#10;&#9;public void accendiLuce(int i) { luci[i] = StatoLuce.ACCESA; }&#13;&#10;&#9;public void spegniLuce(int i) { luci[i] = StatoLuce.SPENTA;&#9;}&#13;&#10;&#9;public void luceSoffusa(int i) { luci[i] = StatoLuce.SOFFUSA; }&#13;&#10;&#9;&#13;&#10;&#9;// Le azioni sulle tapparelle le aprono o chiudono tutte&#13;&#10;&#9;// o impostano la percentuale di chiusura di una&#13;&#10;&#9;public void impostaTapparella(int i, int livello) {&#13;&#10;&#9;&#9;tapparelle[i] = livello;&#9;&#9;&#9;&#13;&#10;&#9;}&#13;&#10;&#9;public void apriTapparelle() {&#13;&#10;&#9;&#9;for (int i = 0; i &lt; tapparelle.length; i++)&#13;&#10;&#9;&#9;&#9;tapparelle[i] = 0;&#13;&#10;&#9;}&#13;&#10;&#9;public void chiudiTapparelle() {&#13;&#10;&#9;&#9;for (int i = 0; i &lt; tapparelle.length; i++)&#13;&#10;&#9;&#9;&#9;tapparelle[i] = 100;&#13;&#10;&#9;}&#13;&#10;&#9;&#13;&#10;&#9;&#9;&#13;&#10;&#9;// Le azioni sulle porte ne modificano solo una (aperta o chiusa)&#13;&#10;&#9;// Quando apro la porta principale, se nessuna luce è accesa, &#13;&#10;&#9;// tutte le tapparelle aperte meno del 50%, si aprono al 50%&#13;&#10;&#9;// La porta si può chiudere solo se l'antifurto è attivo&#13;&#10;&#9;public void apriPorta(Porta p) {&#13;&#10;&#9;&#9;porte.replace(p, StatoPorta.APERTA);&#13;&#10;&#9;&#9;&#13;&#10;&#9;&#9;boolean luceAccesa = false;&#13;&#10;&#9;&#9;for (int i = 0; i &lt; luci.length; i++) {&#13;&#10;&#9;&#9;&#9;if (luci[i] == StatoLuce.ACCESA) {&#13;&#10;&#9;&#9;&#9;&#9;luceAccesa = true;&#13;&#10;&#9;&#9;&#9;&#9;break;&#13;&#10;&#9;&#9;&#9;}&#13;&#10;&#9;&#9;}&#13;&#10;&#9;&#9;if (p == Porta.PRINCIPALE &amp;&amp; !luceAccesa) {&#13;&#10;&#9;&#9;&#9;for (int i = 0; i &lt; tapparelle.length; i++)&#13;&#10;&#9;&#9;&#9;&#9;if (tapparelle[i] &lt; 50) tapparelle[i] = 50;&#13;&#10;&#9;&#9;}&#13;&#10;&#9;&#9;&#9;&#13;&#10;&#9;}&#13;&#10;&#9;public void chiudiPorta(Porta p) {&#13;&#10;&#9;&#9;if (p == Porta.PRINCIPALE &amp;&amp; !antifurto)&#13;&#10;&#9;&#9;&#9;return;&#13;&#10;&#9;&#9;porte.replace(p, StatoPorta.CHIUSA);&#13;&#10;&#9;}&#13;&#10;&#9;&#13;&#10;}" Filename="SmartHome.java" Intrnl_Id="1"/>
    </SrcFileList>
    <CritList>
        <CritListEntry Name="org.codecover.model.utils.criteria.ConditionCoverage" PluginName="org.codecover"/>
        <CritListEntry Name="org.codecover.model.utils.criteria.BranchCoverage" PluginName="org.codecover"/>
        <CritListEntry Name="org.codecover.model.utils.criteria.StatementCoverage" PluginName="org.codecover"/>
    </CritList>
    <BoolOpList>
        <BoolOp Arity="2" Intrnl_Id="2" Name="conditional and (&amp;&amp;)">
            <BoolAssgnmntBoolMapList>
                <MapEntry BoolAssgnmnt="02" Value="false"/>
                <MapEntry BoolAssgnmnt="10" Value="false"/>
                <MapEntry BoolAssgnmnt="11" Value="true"/>
            </BoolAssgnmntBoolMapList>
        </BoolOp>
        <BoolOp Arity="1" Intrnl_Id="3" Name="not (!)">
            <BoolAssgnmntBoolMapList>
                <MapEntry BoolAssgnmnt="1" Value="false"/>
                <MapEntry BoolAssgnmnt="0" Value="true"/>
            </BoolAssgnmntBoolMapList>
        </BoolOp>
    </BoolOpList>
    <HierarchyLvlTypeList>
        <HierarchyLvlType EnglishName="package" IntrnlName="package" Intrnl_Id="4"/>
        <HierarchyLvlType EnglishName="method" IntrnlName="method" Intrnl_Id="5"/>
        <HierarchyLvlType EnglishName="class" IntrnlName="class" Intrnl_Id="6"/>
        <HierarchyLvlType EnglishName="default package" IntrnlName="default package" Intrnl_Id="7"/>
    </HierarchyLvlTypeList>
    <MASTRoot>
        <HierarchyLvl HierarchyLvlId="104" HierarchyLvlTypeId="7" Intrnl_Id="8" Name="default package">
            <Header/>
            <LocList/>
            <HierarchyLvl HierarchyLvlId="103" HierarchyLvlTypeId="4" Intrnl_Id="9" Name="smart_home">
                <Header/>
                <LocList/>
                <HierarchyLvl HierarchyLvlId="102" HierarchyLvlTypeId="6" Intrnl_Id="10" Name="SmartHome">
                    <Header>
                        <Loc EndOffset="70" SrcFileId="1" StartOffset="48"/>
                    </Header>
                    <LocList>
                        <Loc EndOffset="3767" SrcFileId="1" StartOffset="48"/>
                    </LocList>
                    <HierarchyLvl HierarchyLvlId="89" HierarchyLvlTypeId="5" Intrnl_Id="11" Name="SmartHome">
                        <Header>
                            <Loc EndOffset="292" SrcFileId="1" StartOffset="246"/>
                        </Header>
                        <LocList>
                            <Loc EndOffset="776" SrcFileId="1" StartOffset="246"/>
                        </LocList>
                        <StmntSeq Intrnl_Id="12">
                            <LocList>
                                <Loc EndOffset="350" SrcFileId="1" StartOffset="333"/>
                                <Loc EndOffset="387" SrcFileId="1" StartOffset="358"/>
                                <Loc EndOffset="460" SrcFileId="1" StartOffset="391"/>
                                <Loc EndOffset="503" SrcFileId="1" StartOffset="468"/>
                                <Loc EndOffset="575" SrcFileId="1" StartOffset="507"/>
                                <Loc EndOffset="624" SrcFileId="1" StartOffset="583"/>
                                <Loc EndOffset="675" SrcFileId="1" StartOffset="628"/>
                                <Loc EndOffset="721" SrcFileId="1" StartOffset="679"/>
                                <Loc EndOffset="768" SrcFileId="1" StartOffset="725"/>
                            </LocList>
                            <BasicStmnt CovItemId="S1" CovItemPrefix="smart_home.SmartHome.java" Intrnl_Id="13">
                                <LocList>
                                    <Loc EndOffset="350" SrcFileId="1" StartOffset="333"/>
                                </LocList>
                            </BasicStmnt>
                            <BasicStmnt CovItemId="S2" CovItemPrefix="smart_home.SmartHome.java" Intrnl_Id="14">
                                <LocList>
                                    <Loc EndOffset="387" SrcFileId="1" StartOffset="358"/>
                                </LocList>
                            </BasicStmnt>
                            <LoopStmnt CovItemId="S3" CovItemPrefix="smart_home.SmartHome.java" Intrnl_Id="15" MltplExecId="L1-2" MltplExecPrefix="smart_home.SmartHome.java" NvrExecId="L1-0" NvrExecPrefix="smart_home.SmartHome.java" OnceExecutedId="L1-1" OnceExecutedPrefix="smart_home.SmartHome.java" OptBodyExec="true">
                                <StmntSeq Intrnl_Id="16">
                                    <LocList>
                                        <Loc EndOffset="460" SrcFileId="1" StartOffset="433"/>
                                    </LocList>
                                    <BasicStmnt CovItemId="S4" CovItemPrefix="smart_home.SmartHome.java" Intrnl_Id="17">
                                        <LocList>
                                            <Loc EndOffset="460" SrcFileId="1" StartOffset="433"/>
                                        </LocList>
                                    </BasicStmnt>
                                </StmntSeq>
                                <Keyword EndOffset="394" SrcFileId="1" StartOffset="391"/>
                                <LocList>
                                    <Loc EndOffset="460" SrcFileId="1" StartOffset="391"/>
                                </LocList>
                                <RootTerm CovItemId="C1" CovItemPrefix="smart_home.SmartHome.java" Intrnl_Id="18">
                                    <BasicBoolTerm Intrnl_Id="19">
                                        <LocList>
                                            <Loc EndOffset="422" SrcFileId="1" StartOffset="407"/>
                                        </LocList>
                                    </BasicBoolTerm>
                                </RootTerm>
                            </LoopStmnt>
                            <BasicStmnt CovItemId="S5" CovItemPrefix="smart_home.SmartHome.java" Intrnl_Id="20">
                                <LocList>
                                    <Loc EndOffset="503" SrcFileId="1" StartOffset="468"/>
                                </LocList>
                            </BasicStmnt>
                            <LoopStmnt CovItemId="S6" CovItemPrefix="smart_home.SmartHome.java" Intrnl_Id="21" MltplExecId="L2-2" MltplExecPrefix="smart_home.SmartHome.java" NvrExecId="L2-0" NvrExecPrefix="smart_home.SmartHome.java" OnceExecutedId="L2-1" OnceExecutedPrefix="smart_home.SmartHome.java" OptBodyExec="true">
                                <StmntSeq Intrnl_Id="22">
                                    <LocList>
                                        <Loc EndOffset="575" SrcFileId="1" StartOffset="555"/>
                                    </LocList>
                                    <BasicStmnt CovItemId="S7" CovItemPrefix="smart_home.SmartHome.java" Intrnl_Id="23">
                                        <LocList>
                                            <Loc EndOffset="575" SrcFileId="1" StartOffset="555"/>
                                        </LocList>
                                    </BasicStmnt>
                                </StmntSeq>
                                <Keyword EndOffset="510" SrcFileId="1" StartOffset="507"/>
                                <LocList>
                                    <Loc EndOffset="575" SrcFileId="1" StartOffset="507"/>
                                </LocList>
                                <RootTerm CovItemId="C2" CovItemPrefix="smart_home.SmartHome.java" Intrnl_Id="24">
                                    <BasicBoolTerm Intrnl_Id="25">
                                        <LocList>
                                            <Loc EndOffset="544" SrcFileId="1" StartOffset="523"/>
                                        </LocList>
                                    </BasicBoolTerm>
                                </RootTerm>
                            </LoopStmnt>
                            <BasicStmnt CovItemId="S8" CovItemPrefix="smart_home.SmartHome.java" Intrnl_Id="26">
                                <LocList>
                                    <Loc EndOffset="624" SrcFileId="1" StartOffset="583"/>
                                </LocList>
                            </BasicStmnt>
                            <BasicStmnt CovItemId="S9" CovItemPrefix="smart_home.SmartHome.java" Intrnl_Id="27">
                                <LocList>
                                    <Loc EndOffset="675" SrcFileId="1" StartOffset="628"/>
                                </LocList>
                            </BasicStmnt>
                            <BasicStmnt CovItemId="S10" CovItemPrefix="smart_home.SmartHome.java" Intrnl_Id="28">
                                <LocList>
                                    <Loc EndOffset="721" SrcFileId="1" StartOffset="679"/>
                                </LocList>
                            </BasicStmnt>
                            <BasicStmnt CovItemId="S11" CovItemPrefix="smart_home.SmartHome.java" Intrnl_Id="29">
                                <LocList>
                                    <Loc EndOffset="768" SrcFileId="1" StartOffset="725"/>
                                </LocList>
                            </BasicStmnt>
                        </StmntSeq>
                    </HierarchyLvl>
                    <HierarchyLvl HierarchyLvlId="90" HierarchyLvlTypeId="5" Intrnl_Id="30" Name="allarme">
                        <Header>
                            <Loc EndOffset="877" SrcFileId="1" StartOffset="856"/>
                        </Header>
                        <LocList>
                            <Loc EndOffset="1226" SrcFileId="1" StartOffset="856"/>
                        </LocList>
                        <StmntSeq Intrnl_Id="31">
                            <LocList>
                                <Loc EndOffset="1222" SrcFileId="1" StartOffset="883"/>
                            </LocList>
                            <CondStmnt CovItemId="S12" CovItemPrefix="smart_home.SmartHome.java" Intrnl_Id="32">
                                <Branch CovItemId="B1" CovItemPrefix="smart_home.SmartHome.java" Implct="false" Intrnl_Id="33">
                                    <Cond/>
                                    <LocList>
                                        <Loc EndOffset="1222" SrcFileId="1" StartOffset="898"/>
                                    </LocList>
                                    <StmntSeq Intrnl_Id="34">
                                        <LocList>
                                            <Loc EndOffset="974" SrcFileId="1" StartOffset="904"/>
                                            <Loc EndOffset="1053" SrcFileId="1" StartOffset="984"/>
                                            <Loc EndOffset="1114" SrcFileId="1" StartOffset="1063"/>
                                            <Loc EndOffset="1165" SrcFileId="1" StartOffset="1119"/>
                                            <Loc EndOffset="1217" SrcFileId="1" StartOffset="1170"/>
                                        </LocList>
                                        <LoopStmnt CovItemId="S13" CovItemPrefix="smart_home.SmartHome.java" Intrnl_Id="35" MltplExecId="L3-2" MltplExecPrefix="smart_home.SmartHome.java" NvrExecId="L3-0" NvrExecPrefix="smart_home.SmartHome.java" OnceExecutedId="L3-1" OnceExecutedPrefix="smart_home.SmartHome.java" OptBodyExec="true">
                                            <StmntSeq Intrnl_Id="36">
                                                <LocList>
                                                    <Loc EndOffset="974" SrcFileId="1" StartOffset="947"/>
                                                </LocList>
                                                <BasicStmnt CovItemId="S14" CovItemPrefix="smart_home.SmartHome.java" Intrnl_Id="37">
                                                    <LocList>
                                                        <Loc EndOffset="974" SrcFileId="1" StartOffset="947"/>
                                                    </LocList>
                                                </BasicStmnt>
                                            </StmntSeq>
                                            <Keyword EndOffset="907" SrcFileId="1" StartOffset="904"/>
                                            <LocList>
                                                <Loc EndOffset="974" SrcFileId="1" StartOffset="904"/>
                                            </LocList>
                                            <RootTerm CovItemId="C4" CovItemPrefix="smart_home.SmartHome.java" Intrnl_Id="38">
                                                <BasicBoolTerm Intrnl_Id="39">
                                                    <LocList>
                                                        <Loc EndOffset="935" SrcFileId="1" StartOffset="920"/>
                                                    </LocList>
                                                </BasicBoolTerm>
                                            </RootTerm>
                                        </LoopStmnt>
                                        <LoopStmnt CovItemId="S15" CovItemPrefix="smart_home.SmartHome.java" Intrnl_Id="40" MltplExecId="L4-2" MltplExecPrefix="smart_home.SmartHome.java" NvrExecId="L4-0" NvrExecPrefix="smart_home.SmartHome.java" OnceExecutedId="L4-1" OnceExecutedPrefix="smart_home.SmartHome.java" OptBodyExec="true">
                                            <StmntSeq Intrnl_Id="41">
                                                <LocList>
                                                    <Loc EndOffset="1053" SrcFileId="1" StartOffset="1033"/>
                                                </LocList>
                                                <BasicStmnt CovItemId="S16" CovItemPrefix="smart_home.SmartHome.java" Intrnl_Id="42">
                                                    <LocList>
                                                        <Loc EndOffset="1053" SrcFileId="1" StartOffset="1033"/>
                                                    </LocList>
                                                </BasicStmnt>
                                            </StmntSeq>
                                            <Keyword EndOffset="987" SrcFileId="1" StartOffset="984"/>
                                            <LocList>
                                                <Loc EndOffset="1053" SrcFileId="1" StartOffset="984"/>
                                            </LocList>
                                            <RootTerm CovItemId="C5" CovItemPrefix="smart_home.SmartHome.java" Intrnl_Id="43">
                                                <BasicBoolTerm Intrnl_Id="44">
                                                    <LocList>
                                                        <Loc EndOffset="1021" SrcFileId="1" StartOffset="1000"/>
                                                    </LocList>
                                                </BasicBoolTerm>
                                            </RootTerm>
                                        </LoopStmnt>
                                        <BasicStmnt CovItemId="S17" CovItemPrefix="smart_home.SmartHome.java" Intrnl_Id="45">
                                            <LocList>
                                                <Loc EndOffset="1114" SrcFileId="1" StartOffset="1063"/>
                                            </LocList>
                                        </BasicStmnt>
                                        <BasicStmnt CovItemId="S18" CovItemPrefix="smart_home.SmartHome.java" Intrnl_Id="46">
                                            <LocList>
                                                <Loc EndOffset="1165" SrcFileId="1" StartOffset="1119"/>
                                            </LocList>
                                        </BasicStmnt>
                                        <BasicStmnt CovItemId="S19" CovItemPrefix="smart_home.SmartHome.java" Intrnl_Id="47">
                                            <LocList>
                                                <Loc EndOffset="1217" SrcFileId="1" StartOffset="1170"/>
                                            </LocList>
                                        </BasicStmnt>
                                    </StmntSeq>
                                </Branch>
                                <Branch CovItemId="B2" CovItemPrefix="smart_home.SmartHome.java" Implct="true" Intrnl_Id="48">
                                    <Cond/>
                                    <LocList/>
                                    <StmntSeq Intrnl_Id="49">
                                        <LocList/>
                                    </StmntSeq>
                                </Branch>
                                <Keyword EndOffset="885" SrcFileId="1" StartOffset="883"/>
                                <LocList>
                                    <Loc EndOffset="1222" SrcFileId="1" StartOffset="883"/>
                                </LocList>
                                <RootTerm CovItemId="C3" CovItemPrefix="smart_home.SmartHome.java" Intrnl_Id="50">
                                    <BasicBoolTerm Intrnl_Id="51">
                                        <LocList>
                                            <Loc EndOffset="896" SrcFileId="1" StartOffset="887"/>
                                        </LocList>
                                    </BasicBoolTerm>
                                </RootTerm>
                            </CondStmnt>
                        </StmntSeq>
                    </HierarchyLvl>
                    <HierarchyLvl HierarchyLvlId="91" HierarchyLvlTypeId="5" Intrnl_Id="52" Name="toggleAntifurto">
                        <Header>
                            <Loc EndOffset="1385" SrcFileId="1" StartOffset="1356"/>
                        </Header>
                        <LocList>
                            <Loc EndOffset="1587" SrcFileId="1" StartOffset="1356"/>
                        </LocList>
                        <StmntSeq Intrnl_Id="53">
                            <LocList>
                                <Loc EndOffset="1583" SrcFileId="1" StartOffset="1391"/>
                            </LocList>
                            <CondStmnt CovItemId="S20" CovItemPrefix="smart_home.SmartHome.java" Intrnl_Id="54">
                                <Branch CovItemId="B3" CovItemPrefix="smart_home.SmartHome.java" Implct="false" Intrnl_Id="55">
                                    <Cond/>
                                    <LocList>
                                        <Loc EndOffset="1494" SrcFileId="1" StartOffset="1406"/>
                                    </LocList>
                                    <StmntSeq Intrnl_Id="56">
                                        <LocList>
                                            <Loc EndOffset="1489" SrcFileId="1" StartOffset="1412"/>
                                        </LocList>
                                        <CondStmnt CovItemId="S21" CovItemPrefix="smart_home.SmartHome.java" Intrnl_Id="57">
                                            <Branch CovItemId="B5" CovItemPrefix="smart_home.SmartHome.java" Implct="false" Intrnl_Id="58">
                                                <Cond/>
                                                <LocList>
                                                    <Loc EndOffset="1489" SrcFileId="1" StartOffset="1471"/>
                                                </LocList>
                                                <StmntSeq Intrnl_Id="59">
                                                    <LocList>
                                                        <Loc EndOffset="1489" SrcFileId="1" StartOffset="1471"/>
                                                    </LocList>
                                                    <BasicStmnt CovItemId="S22" CovItemPrefix="smart_home.SmartHome.java" Intrnl_Id="60">
                                                        <LocList>
                                                            <Loc EndOffset="1489" SrcFileId="1" StartOffset="1471"/>
                                                        </LocList>
                                                    </BasicStmnt>
                                                </StmntSeq>
                                            </Branch>
                                            <Branch CovItemId="B6" CovItemPrefix="smart_home.SmartHome.java" Implct="true" Intrnl_Id="61">
                                                <Cond/>
                                                <LocList/>
                                                <StmntSeq Intrnl_Id="62">
                                                    <LocList/>
                                                </StmntSeq>
                                            </Branch>
                                            <Keyword EndOffset="1414" SrcFileId="1" StartOffset="1412"/>
                                            <LocList>
                                                <Loc EndOffset="1489" SrcFileId="1" StartOffset="1412"/>
                                            </LocList>
                                            <RootTerm CovItemId="C7" CovItemPrefix="smart_home.SmartHome.java" Intrnl_Id="63">
                                                <BasicBoolTerm Intrnl_Id="64">
                                                    <LocList>
                                                        <Loc EndOffset="1464" SrcFileId="1" StartOffset="1416"/>
                                                    </LocList>
                                                </BasicBoolTerm>
                                            </RootTerm>
                                        </CondStmnt>
                                    </StmntSeq>
                                </Branch>
                                <Branch CovItemId="B4" CovItemPrefix="smart_home.SmartHome.java" Implct="false" Intrnl_Id="65">
                                    <Cond>
                                        <Loc EndOffset="1498" SrcFileId="1" StartOffset="1494"/>
                                    </Cond>
                                    <LocList>
                                        <Loc EndOffset="1583" SrcFileId="1" StartOffset="1499"/>
                                    </LocList>
                                    <StmntSeq Intrnl_Id="66">
                                        <LocList>
                                            <Loc EndOffset="1522" SrcFileId="1" StartOffset="1505"/>
                                            <Loc EndOffset="1578" SrcFileId="1" StartOffset="1527"/>
                                        </LocList>
                                        <BasicStmnt CovItemId="S23" CovItemPrefix="smart_home.SmartHome.java" Intrnl_Id="67">
                                            <LocList>
                                                <Loc EndOffset="1522" SrcFileId="1" StartOffset="1505"/>
                                            </LocList>
                                        </BasicStmnt>
                                        <BasicStmnt CovItemId="S24" CovItemPrefix="smart_home.SmartHome.java" Intrnl_Id="68">
                                            <LocList>
                                                <Loc EndOffset="1578" SrcFileId="1" StartOffset="1527"/>
                                            </LocList>
                                        </BasicStmnt>
                                    </StmntSeq>
                                </Branch>
                                <Keyword EndOffset="1393" SrcFileId="1" StartOffset="1391"/>
                                <LocList>
                                    <Loc EndOffset="1583" SrcFileId="1" StartOffset="1391"/>
                                </LocList>
                                <RootTerm CovItemId="C6" CovItemPrefix="smart_home.SmartHome.java" Intrnl_Id="69">
                                    <BasicBoolTerm Intrnl_Id="70">
                                        <LocList>
                                            <Loc EndOffset="1404" SrcFileId="1" StartOffset="1395"/>
                                        </LocList>
                                    </BasicBoolTerm>
                                </RootTerm>
                            </CondStmnt>
                        </StmntSeq>
                    </HierarchyLvl>
                    <HierarchyLvl HierarchyLvlId="92" HierarchyLvlTypeId="5" Intrnl_Id="71" Name="chiudiTutto">
                        <Header>
                            <Loc EndOffset="1745" SrcFileId="1" StartOffset="1720"/>
                        </Header>
                        <LocList>
                            <Loc EndOffset="2008" SrcFileId="1" StartOffset="1720"/>
                        </LocList>
                        <StmntSeq Intrnl_Id="72">
                            <LocList>
                                <Loc EndOffset="1819" SrcFileId="1" StartOffset="1751"/>
                                <Loc EndOffset="1878" SrcFileId="1" StartOffset="1827"/>
                                <Loc EndOffset="1928" SrcFileId="1" StartOffset="1882"/>
                                <Loc EndOffset="1979" SrcFileId="1" StartOffset="1932"/>
                                <Loc EndOffset="2004" SrcFileId="1" StartOffset="1987"/>
                            </LocList>
                            <LoopStmnt CovItemId="S25" CovItemPrefix="smart_home.SmartHome.java" Intrnl_Id="73" MltplExecId="L5-2" MltplExecPrefix="smart_home.SmartHome.java" NvrExecId="L5-0" NvrExecPrefix="smart_home.SmartHome.java" OnceExecutedId="L5-1" OnceExecutedPrefix="smart_home.SmartHome.java" OptBodyExec="true">
                                <StmntSeq Intrnl_Id="74">
                                    <LocList>
                                        <Loc EndOffset="1819" SrcFileId="1" StartOffset="1799"/>
                                    </LocList>
                                    <BasicStmnt CovItemId="S26" CovItemPrefix="smart_home.SmartHome.java" Intrnl_Id="75">
                                        <LocList>
                                            <Loc EndOffset="1819" SrcFileId="1" StartOffset="1799"/>
                                        </LocList>
                                    </BasicStmnt>
                                </StmntSeq>
                                <Keyword EndOffset="1754" SrcFileId="1" StartOffset="1751"/>
                                <LocList>
                                    <Loc EndOffset="1819" SrcFileId="1" StartOffset="1751"/>
                                </LocList>
                                <RootTerm CovItemId="C8" CovItemPrefix="smart_home.SmartHome.java" Intrnl_Id="76">
                                    <BasicBoolTerm Intrnl_Id="77">
                                        <LocList>
                                            <Loc EndOffset="1788" SrcFileId="1" StartOffset="1767"/>
                                        </LocList>
                                    </BasicBoolTerm>
                                </RootTerm>
                            </LoopStmnt>
                            <BasicStmnt CovItemId="S27" CovItemPrefix="smart_home.SmartHome.java" Intrnl_Id="78">
                                <LocList>
                                    <Loc EndOffset="1878" SrcFileId="1" StartOffset="1827"/>
                                </LocList>
                            </BasicStmnt>
                            <BasicStmnt CovItemId="S28" CovItemPrefix="smart_home.SmartHome.java" Intrnl_Id="79">
                                <LocList>
                                    <Loc EndOffset="1928" SrcFileId="1" StartOffset="1882"/>
                                </LocList>
                            </BasicStmnt>
                            <BasicStmnt CovItemId="S29" CovItemPrefix="smart_home.SmartHome.java" Intrnl_Id="80">
                                <LocList>
                                    <Loc EndOffset="1979" SrcFileId="1" StartOffset="1932"/>
                                </LocList>
                            </BasicStmnt>
                            <BasicStmnt CovItemId="S30" CovItemPrefix="smart_home.SmartHome.java" Intrnl_Id="81">
                                <LocList>
                                    <Loc EndOffset="2004" SrcFileId="1" StartOffset="1987"/>
                                </LocList>
                            </BasicStmnt>
                        </StmntSeq>
                    </HierarchyLvl>
                    <HierarchyLvl HierarchyLvlId="93" HierarchyLvlTypeId="5" Intrnl_Id="82" Name="apriTutto">
                        <Header>
                            <Loc EndOffset="2034" SrcFileId="1" StartOffset="2011"/>
                        </Header>
                        <LocList>
                            <Loc EndOffset="2271" SrcFileId="1" StartOffset="2011"/>
                        </LocList>
                        <StmntSeq Intrnl_Id="83">
                            <LocList>
                                <Loc EndOffset="2107" SrcFileId="1" StartOffset="2041"/>
                                <Loc EndOffset="2166" SrcFileId="1" StartOffset="2115"/>
                                <Loc EndOffset="2216" SrcFileId="1" StartOffset="2170"/>
                                <Loc EndOffset="2267" SrcFileId="1" StartOffset="2220"/>
                            </LocList>
                            <LoopStmnt CovItemId="S31" CovItemPrefix="smart_home.SmartHome.java" Intrnl_Id="84" MltplExecId="L6-2" MltplExecPrefix="smart_home.SmartHome.java" NvrExecId="L6-0" NvrExecPrefix="smart_home.SmartHome.java" OnceExecutedId="L6-1" OnceExecutedPrefix="smart_home.SmartHome.java" OptBodyExec="true">
                                <StmntSeq Intrnl_Id="85">
                                    <LocList>
                                        <Loc EndOffset="2107" SrcFileId="1" StartOffset="2089"/>
                                    </LocList>
                                    <BasicStmnt CovItemId="S32" CovItemPrefix="smart_home.SmartHome.java" Intrnl_Id="86">
                                        <LocList>
                                            <Loc EndOffset="2107" SrcFileId="1" StartOffset="2089"/>
                                        </LocList>
                                    </BasicStmnt>
                                </StmntSeq>
                                <Keyword EndOffset="2044" SrcFileId="1" StartOffset="2041"/>
                                <LocList>
                                    <Loc EndOffset="2107" SrcFileId="1" StartOffset="2041"/>
                                </LocList>
                                <RootTerm CovItemId="C9" CovItemPrefix="smart_home.SmartHome.java" Intrnl_Id="87">
                                    <BasicBoolTerm Intrnl_Id="88">
                                        <LocList>
                                            <Loc EndOffset="2078" SrcFileId="1" StartOffset="2057"/>
                                        </LocList>
                                    </BasicBoolTerm>
                                </RootTerm>
                            </LoopStmnt>
                            <BasicStmnt CovItemId="S33" CovItemPrefix="smart_home.SmartHome.java" Intrnl_Id="89">
                                <LocList>
                                    <Loc EndOffset="2166" SrcFileId="1" StartOffset="2115"/>
                                </LocList>
                            </BasicStmnt>
                            <BasicStmnt CovItemId="S34" CovItemPrefix="smart_home.SmartHome.java" Intrnl_Id="90">
                                <LocList>
                                    <Loc EndOffset="2216" SrcFileId="1" StartOffset="2170"/>
                                </LocList>
                            </BasicStmnt>
                            <BasicStmnt CovItemId="S35" CovItemPrefix="smart_home.SmartHome.java" Intrnl_Id="91">
                                <LocList>
                                    <Loc EndOffset="2267" SrcFileId="1" StartOffset="2220"/>
                                </LocList>
                            </BasicStmnt>
                        </StmntSeq>
                    </HierarchyLvl>
                    <HierarchyLvl HierarchyLvlId="94" HierarchyLvlTypeId="5" Intrnl_Id="92" Name="accendiLuce">
                        <Header>
                            <Loc EndOffset="2383" SrcFileId="1" StartOffset="2353"/>
                        </Header>
                        <LocList>
                            <Loc EndOffset="2415" SrcFileId="1" StartOffset="2353"/>
                        </LocList>
                        <StmntSeq Intrnl_Id="93">
                            <LocList>
                                <Loc EndOffset="2413" SrcFileId="1" StartOffset="2386"/>
                            </LocList>
                            <BasicStmnt CovItemId="S36" CovItemPrefix="smart_home.SmartHome.java" Intrnl_Id="94">
                                <LocList>
                                    <Loc EndOffset="2413" SrcFileId="1" StartOffset="2386"/>
                                </LocList>
                            </BasicStmnt>
                        </StmntSeq>
                    </HierarchyLvl>
                    <HierarchyLvl HierarchyLvlId="95" HierarchyLvlTypeId="5" Intrnl_Id="95" Name="spegniLuce">
                        <Header>
                            <Loc EndOffset="2447" SrcFileId="1" StartOffset="2418"/>
                        </Header>
                        <LocList>
                            <Loc EndOffset="2479" SrcFileId="1" StartOffset="2418"/>
                        </LocList>
                        <StmntSeq Intrnl_Id="96">
                            <LocList>
                                <Loc EndOffset="2477" SrcFileId="1" StartOffset="2450"/>
                            </LocList>
                            <BasicStmnt CovItemId="S37" CovItemPrefix="smart_home.SmartHome.java" Intrnl_Id="97">
                                <LocList>
                                    <Loc EndOffset="2477" SrcFileId="1" StartOffset="2450"/>
                                </LocList>
                            </BasicStmnt>
                        </StmntSeq>
                    </HierarchyLvl>
                    <HierarchyLvl HierarchyLvlId="96" HierarchyLvlTypeId="5" Intrnl_Id="98" Name="luceSoffusa">
                        <Header>
                            <Loc EndOffset="2512" SrcFileId="1" StartOffset="2482"/>
                        </Header>
                        <LocList>
                            <Loc EndOffset="2545" SrcFileId="1" StartOffset="2482"/>
                        </LocList>
                        <StmntSeq Intrnl_Id="99">
                            <LocList>
                                <Loc EndOffset="2543" SrcFileId="1" StartOffset="2515"/>
                            </LocList>
                            <BasicStmnt CovItemId="S38" CovItemPrefix="smart_home.SmartHome.java" Intrnl_Id="100">
                                <LocList>
                                    <Loc EndOffset="2543" SrcFileId="1" StartOffset="2515"/>
                                </LocList>
                            </BasicStmnt>
                        </StmntSeq>
                    </HierarchyLvl>
                    <HierarchyLvl HierarchyLvlId="97" HierarchyLvlTypeId="5" Intrnl_Id="101" Name="impostaTapparella">
                        <Header>
                            <Loc EndOffset="2710" SrcFileId="1" StartOffset="2661"/>
                        </Header>
                        <LocList>
                            <Loc EndOffset="2747" SrcFileId="1" StartOffset="2661"/>
                        </LocList>
                        <StmntSeq Intrnl_Id="102">
                            <LocList>
                                <Loc EndOffset="2740" SrcFileId="1" StartOffset="2716"/>
                            </LocList>
                            <BasicStmnt CovItemId="S39" CovItemPrefix="smart_home.SmartHome.java" Intrnl_Id="103">
                                <LocList>
                                    <Loc EndOffset="2740" SrcFileId="1" StartOffset="2716"/>
                                </LocList>
                            </BasicStmnt>
                        </StmntSeq>
                    </HierarchyLvl>
                    <HierarchyLvl HierarchyLvlId="98" HierarchyLvlTypeId="5" Intrnl_Id="104" Name="apriTapparelle">
                        <Header>
                            <Loc EndOffset="2778" SrcFileId="1" StartOffset="2750"/>
                        </Header>
                        <LocList>
                            <Loc EndOffset="2854" SrcFileId="1" StartOffset="2750"/>
                        </LocList>
                        <StmntSeq Intrnl_Id="105">
                            <LocList>
                                <Loc EndOffset="2850" SrcFileId="1" StartOffset="2784"/>
                            </LocList>
                            <LoopStmnt CovItemId="S40" CovItemPrefix="smart_home.SmartHome.java" Intrnl_Id="106" MltplExecId="L7-2" MltplExecPrefix="smart_home.SmartHome.java" NvrExecId="L7-0" NvrExecPrefix="smart_home.SmartHome.java" OnceExecutedId="L7-1" OnceExecutedPrefix="smart_home.SmartHome.java" OptBodyExec="true">
                                <StmntSeq Intrnl_Id="107">
                                    <LocList>
                                        <Loc EndOffset="2850" SrcFileId="1" StartOffset="2832"/>
                                    </LocList>
                                    <BasicStmnt CovItemId="S41" CovItemPrefix="smart_home.SmartHome.java" Intrnl_Id="108">
                                        <LocList>
                                            <Loc EndOffset="2850" SrcFileId="1" StartOffset="2832"/>
                                        </LocList>
                                    </BasicStmnt>
                                </StmntSeq>
                                <Keyword EndOffset="2787" SrcFileId="1" StartOffset="2784"/>
                                <LocList>
                                    <Loc EndOffset="2850" SrcFileId="1" StartOffset="2784"/>
                                </LocList>
                                <RootTerm CovItemId="C10" CovItemPrefix="smart_home.SmartHome.java" Intrnl_Id="109">
                                    <BasicBoolTerm Intrnl_Id="110">
                                        <LocList>
                                            <Loc EndOffset="2821" SrcFileId="1" StartOffset="2800"/>
                                        </LocList>
                                    </BasicBoolTerm>
                                </RootTerm>
                            </LoopStmnt>
                        </StmntSeq>
                    </HierarchyLvl>
                    <HierarchyLvl HierarchyLvlId="99" HierarchyLvlTypeId="5" Intrnl_Id="111" Name="chiudiTapparelle">
                        <Header>
                            <Loc EndOffset="2887" SrcFileId="1" StartOffset="2857"/>
                        </Header>
                        <LocList>
                            <Loc EndOffset="2965" SrcFileId="1" StartOffset="2857"/>
                        </LocList>
                        <StmntSeq Intrnl_Id="112">
                            <LocList>
                                <Loc EndOffset="2961" SrcFileId="1" StartOffset="2893"/>
                            </LocList>
                            <LoopStmnt CovItemId="S42" CovItemPrefix="smart_home.SmartHome.java" Intrnl_Id="113" MltplExecId="L8-2" MltplExecPrefix="smart_home.SmartHome.java" NvrExecId="L8-0" NvrExecPrefix="smart_home.SmartHome.java" OnceExecutedId="L8-1" OnceExecutedPrefix="smart_home.SmartHome.java" OptBodyExec="true">
                                <StmntSeq Intrnl_Id="114">
                                    <LocList>
                                        <Loc EndOffset="2961" SrcFileId="1" StartOffset="2941"/>
                                    </LocList>
                                    <BasicStmnt CovItemId="S43" CovItemPrefix="smart_home.SmartHome.java" Intrnl_Id="115">
                                        <LocList>
                                            <Loc EndOffset="2961" SrcFileId="1" StartOffset="2941"/>
                                        </LocList>
                                    </BasicStmnt>
                                </StmntSeq>
                                <Keyword EndOffset="2896" SrcFileId="1" StartOffset="2893"/>
                                <LocList>
                                    <Loc EndOffset="2961" SrcFileId="1" StartOffset="2893"/>
                                </LocList>
                                <RootTerm CovItemId="C11" CovItemPrefix="smart_home.SmartHome.java" Intrnl_Id="116">
                                    <BasicBoolTerm Intrnl_Id="117">
                                        <LocList>
                                            <Loc EndOffset="2930" SrcFileId="1" StartOffset="2909"/>
                                        </LocList>
                                    </BasicBoolTerm>
                                </RootTerm>
                            </LoopStmnt>
                        </StmntSeq>
                    </HierarchyLvl>
                    <HierarchyLvl HierarchyLvlId="100" HierarchyLvlTypeId="5" Intrnl_Id="118" Name="apriPorta">
                        <Header>
                            <Loc EndOffset="3260" SrcFileId="1" StartOffset="3230"/>
                        </Header>
                        <LocList>
                            <Loc EndOffset="3624" SrcFileId="1" StartOffset="3230"/>
                        </LocList>
                        <StmntSeq Intrnl_Id="119">
                            <LocList>
                                <Loc EndOffset="3302" SrcFileId="1" StartOffset="3266"/>
                                <Loc EndOffset="3337" SrcFileId="1" StartOffset="3310"/>
                                <Loc EndOffset="3466" SrcFileId="1" StartOffset="3341"/>
                                <Loc EndOffset="3615" SrcFileId="1" StartOffset="3470"/>
                            </LocList>
                            <BasicStmnt CovItemId="S44" CovItemPrefix="smart_home.SmartHome.java" Intrnl_Id="120">
                                <LocList>
                                    <Loc EndOffset="3302" SrcFileId="1" StartOffset="3266"/>
                                </LocList>
                            </BasicStmnt>
                            <BasicStmnt CovItemId="S45" CovItemPrefix="smart_home.SmartHome.java" Intrnl_Id="121">
                                <LocList>
                                    <Loc EndOffset="3337" SrcFileId="1" StartOffset="3310"/>
                                </LocList>
                            </BasicStmnt>
                            <LoopStmnt CovItemId="S46" CovItemPrefix="smart_home.SmartHome.java" Intrnl_Id="122" MltplExecId="L9-2" MltplExecPrefix="smart_home.SmartHome.java" NvrExecId="L9-0" NvrExecPrefix="smart_home.SmartHome.java" OnceExecutedId="L9-1" OnceExecutedPrefix="smart_home.SmartHome.java" OptBodyExec="true">
                                <StmntSeq Intrnl_Id="123">
                                    <LocList>
                                        <Loc EndOffset="3461" SrcFileId="1" StartOffset="3385"/>
                                    </LocList>
                                    <CondStmnt CovItemId="S47" CovItemPrefix="smart_home.SmartHome.java" Intrnl_Id="124">
                                        <Branch CovItemId="B7" CovItemPrefix="smart_home.SmartHome.java" Implct="false" Intrnl_Id="125">
                                            <Cond/>
                                            <LocList>
                                                <Loc EndOffset="3461" SrcFileId="1" StartOffset="3418"/>
                                            </LocList>
                                            <StmntSeq Intrnl_Id="126">
                                                <LocList>
                                                    <Loc EndOffset="3443" SrcFileId="1" StartOffset="3425"/>
                                                    <Loc EndOffset="3455" SrcFileId="1" StartOffset="3449"/>
                                                </LocList>
                                                <BasicStmnt CovItemId="S48" CovItemPrefix="smart_home.SmartHome.java" Intrnl_Id="127">
                                                    <LocList>
                                                        <Loc EndOffset="3443" SrcFileId="1" StartOffset="3425"/>
                                                    </LocList>
                                                </BasicStmnt>
                                                <BasicStmnt CovItemId="S49" CovItemPrefix="smart_home.SmartHome.java" Intrnl_Id="128">
                                                    <LocList>
                                                        <Loc EndOffset="3455" SrcFileId="1" StartOffset="3449"/>
                                                    </LocList>
                                                </BasicStmnt>
                                            </StmntSeq>
                                        </Branch>
                                        <Branch CovItemId="B8" CovItemPrefix="smart_home.SmartHome.java" Implct="true" Intrnl_Id="129">
                                            <Cond/>
                                            <LocList/>
                                            <StmntSeq Intrnl_Id="130">
                                                <LocList/>
                                            </StmntSeq>
                                        </Branch>
                                        <Keyword EndOffset="3387" SrcFileId="1" StartOffset="3385"/>
                                        <LocList>
                                            <Loc EndOffset="3461" SrcFileId="1" StartOffset="3385"/>
                                        </LocList>
                                        <RootTerm CovItemId="C13" CovItemPrefix="smart_home.SmartHome.java" Intrnl_Id="131">
                                            <BasicBoolTerm Intrnl_Id="132">
                                                <LocList>
                                                    <Loc EndOffset="3416" SrcFileId="1" StartOffset="3389"/>
                                                </LocList>
                                            </BasicBoolTerm>
                                        </RootTerm>
                                    </CondStmnt>
                                </StmntSeq>
                                <Keyword EndOffset="3344" SrcFileId="1" StartOffset="3341"/>
                                <LocList>
                                    <Loc EndOffset="3466" SrcFileId="1" StartOffset="3341"/>
                                </LocList>
                                <RootTerm CovItemId="C12" CovItemPrefix="smart_home.SmartHome.java" Intrnl_Id="133">
                                    <BasicBoolTerm Intrnl_Id="134">
                                        <LocList>
                                            <Loc EndOffset="3372" SrcFileId="1" StartOffset="3357"/>
                                        </LocList>
                                    </BasicBoolTerm>
                                </RootTerm>
                            </LoopStmnt>
                            <CondStmnt CovItemId="S50" CovItemPrefix="smart_home.SmartHome.java" Intrnl_Id="135">
                                <Branch CovItemId="B9" CovItemPrefix="smart_home.SmartHome.java" Implct="false" Intrnl_Id="136">
                                    <Cond/>
                                    <LocList>
                                        <Loc EndOffset="3615" SrcFileId="1" StartOffset="3512"/>
                                    </LocList>
                                    <StmntSeq Intrnl_Id="137">
                                        <LocList>
                                            <Loc EndOffset="3610" SrcFileId="1" StartOffset="3518"/>
                                        </LocList>
                                        <LoopStmnt CovItemId="S51" CovItemPrefix="smart_home.SmartHome.java" Intrnl_Id="138" MltplExecId="L10-2" MltplExecPrefix="smart_home.SmartHome.java" NvrExecId="L10-0" NvrExecPrefix="smart_home.SmartHome.java" OnceExecutedId="L10-1" OnceExecutedPrefix="smart_home.SmartHome.java" OptBodyExec="true">
                                            <StmntSeq Intrnl_Id="139">
                                                <LocList>
                                                    <Loc EndOffset="3610" SrcFileId="1" StartOffset="3567"/>
                                                </LocList>
                                                <CondStmnt CovItemId="S52" CovItemPrefix="smart_home.SmartHome.java" Intrnl_Id="140">
                                                    <Branch CovItemId="B11" CovItemPrefix="smart_home.SmartHome.java" Implct="false" Intrnl_Id="141">
                                                        <Cond/>
                                                        <LocList>
                                                            <Loc EndOffset="3610" SrcFileId="1" StartOffset="3591"/>
                                                        </LocList>
                                                        <StmntSeq Intrnl_Id="142">
                                                            <LocList>
                                                                <Loc EndOffset="3610" SrcFileId="1" StartOffset="3591"/>
                                                            </LocList>
                                                            <BasicStmnt CovItemId="S53" CovItemPrefix="smart_home.SmartHome.java" Intrnl_Id="143">
                                                                <LocList>
                                                                    <Loc EndOffset="3610" SrcFileId="1" StartOffset="3591"/>
                                                                </LocList>
                                                            </BasicStmnt>
                                                        </StmntSeq>
                                                    </Branch>
                                                    <Branch CovItemId="B12" CovItemPrefix="smart_home.SmartHome.java" Implct="true" Intrnl_Id="144">
                                                        <Cond/>
                                                        <LocList/>
                                                        <StmntSeq Intrnl_Id="145">
                                                            <LocList/>
                                                        </StmntSeq>
                                                    </Branch>
                                                    <Keyword EndOffset="3569" SrcFileId="1" StartOffset="3567"/>
                                                    <LocList>
                                                        <Loc EndOffset="3610" SrcFileId="1" StartOffset="3567"/>
                                                    </LocList>
                                                    <RootTerm CovItemId="C16" CovItemPrefix="smart_home.SmartHome.java" Intrnl_Id="146">
                                                        <BasicBoolTerm Intrnl_Id="147">
                                                            <LocList>
                                                                <Loc EndOffset="3589" SrcFileId="1" StartOffset="3571"/>
                                                            </LocList>
                                                        </BasicBoolTerm>
                                                    </RootTerm>
                                                </CondStmnt>
                                            </StmntSeq>
                                            <Keyword EndOffset="3521" SrcFileId="1" StartOffset="3518"/>
                                            <LocList>
                                                <Loc EndOffset="3610" SrcFileId="1" StartOffset="3518"/>
                                            </LocList>
                                            <RootTerm CovItemId="C15" CovItemPrefix="smart_home.SmartHome.java" Intrnl_Id="148">
                                                <BasicBoolTerm Intrnl_Id="149">
                                                    <LocList>
                                                        <Loc EndOffset="3555" SrcFileId="1" StartOffset="3534"/>
                                                    </LocList>
                                                </BasicBoolTerm>
                                            </RootTerm>
                                        </LoopStmnt>
                                    </StmntSeq>
                                </Branch>
                                <Branch CovItemId="B10" CovItemPrefix="smart_home.SmartHome.java" Implct="true" Intrnl_Id="150">
                                    <Cond/>
                                    <LocList/>
                                    <StmntSeq Intrnl_Id="151">
                                        <LocList/>
                                    </StmntSeq>
                                </Branch>
                                <Keyword EndOffset="3472" SrcFileId="1" StartOffset="3470"/>
                                <LocList>
                                    <Loc EndOffset="3615" SrcFileId="1" StartOffset="3470"/>
                                </LocList>
                                <RootTerm CovItemId="C14" CovItemPrefix="smart_home.SmartHome.java" Intrnl_Id="152">
                                    <OpTerm BooleanOpId="2" Intrnl_Id="153">
                                        <BasicBoolTerm Intrnl_Id="154">
                                            <LocList>
                                                <Loc EndOffset="3495" SrcFileId="1" StartOffset="3474"/>
                                            </LocList>
                                        </BasicBoolTerm>
                                        <OpTerm BooleanOpId="3" Intrnl_Id="155">
                                            <BasicBoolTerm Intrnl_Id="156">
                                                <LocList>
                                                    <Loc EndOffset="3510" SrcFileId="1" StartOffset="3500"/>
                                                </LocList>
                                            </BasicBoolTerm>
                                            <LocList>
                                                <Loc EndOffset="3500" SrcFileId="1" StartOffset="3499"/>
                                            </LocList>
                                        </OpTerm>
                                        <LocList>
                                            <Loc EndOffset="3498" SrcFileId="1" StartOffset="3496"/>
                                        </LocList>
                                    </OpTerm>
                                </RootTerm>
                            </CondStmnt>
                        </StmntSeq>
                    </HierarchyLvl>
                    <HierarchyLvl HierarchyLvlId="101" HierarchyLvlTypeId="5" Intrnl_Id="157" Name="chiudiPorta">
                        <Header>
                            <Loc EndOffset="3659" SrcFileId="1" StartOffset="3627"/>
                        </Header>
                        <LocList>
                            <Loc EndOffset="3761" SrcFileId="1" StartOffset="3627"/>
                        </LocList>
                        <StmntSeq Intrnl_Id="158">
                            <LocList>
                                <Loc EndOffset="3717" SrcFileId="1" StartOffset="3665"/>
                                <Loc EndOffset="3757" SrcFileId="1" StartOffset="3721"/>
                            </LocList>
                            <CondStmnt CovItemId="S54" CovItemPrefix="smart_home.SmartHome.java" Intrnl_Id="159">
                                <Branch CovItemId="B13" CovItemPrefix="smart_home.SmartHome.java" Implct="false" Intrnl_Id="160">
                                    <Cond/>
                                    <LocList>
                                        <Loc EndOffset="3717" SrcFileId="1" StartOffset="3710"/>
                                    </LocList>
                                    <StmntSeq Intrnl_Id="161">
                                        <LocList>
                                            <Loc EndOffset="3717" SrcFileId="1" StartOffset="3710"/>
                                        </LocList>
                                        <BasicStmnt CovItemId="S55" CovItemPrefix="smart_home.SmartHome.java" Intrnl_Id="162">
                                            <LocList>
                                                <Loc EndOffset="3717" SrcFileId="1" StartOffset="3710"/>
                                            </LocList>
                                        </BasicStmnt>
                                    </StmntSeq>
                                </Branch>
                                <Branch CovItemId="B14" CovItemPrefix="smart_home.SmartHome.java" Implct="true" Intrnl_Id="163">
                                    <Cond/>
                                    <LocList/>
                                    <StmntSeq Intrnl_Id="164">
                                        <LocList/>
                                    </StmntSeq>
                                </Branch>
                                <Keyword EndOffset="3667" SrcFileId="1" StartOffset="3665"/>
                                <LocList>
                                    <Loc EndOffset="3717" SrcFileId="1" StartOffset="3665"/>
                                </LocList>
                                <RootTerm CovItemId="C17" CovItemPrefix="smart_home.SmartHome.java" Intrnl_Id="165">
                                    <OpTerm BooleanOpId="2" Intrnl_Id="166">
                                        <BasicBoolTerm Intrnl_Id="167">
                                            <LocList>
                                                <Loc EndOffset="3690" SrcFileId="1" StartOffset="3669"/>
                                            </LocList>
                                        </BasicBoolTerm>
                                        <OpTerm BooleanOpId="3" Intrnl_Id="168">
                                            <BasicBoolTerm Intrnl_Id="169">
                                                <LocList>
                                                    <Loc EndOffset="3704" SrcFileId="1" StartOffset="3695"/>
                                                </LocList>
                                            </BasicBoolTerm>
                                            <LocList>
                                                <Loc EndOffset="3695" SrcFileId="1" StartOffset="3694"/>
                                            </LocList>
                                        </OpTerm>
                                        <LocList>
                                            <Loc EndOffset="3693" SrcFileId="1" StartOffset="3691"/>
                                        </LocList>
                                    </OpTerm>
                                </RootTerm>
                            </CondStmnt>
                            <BasicStmnt CovItemId="S56" CovItemPrefix="smart_home.SmartHome.java" Intrnl_Id="170">
                                <LocList>
                                    <Loc EndOffset="3757" SrcFileId="1" StartOffset="3721"/>
                                </LocList>
                            </BasicStmnt>
                        </StmntSeq>
                    </HierarchyLvl>
                </HierarchyLvl>
            </HierarchyLvl>
        </HierarchyLvl>
    </MASTRoot>
</TestSessionContainer>
