<?xml version="1.0" encoding="UTF-8"?><TestSessionContainer xmlns="http://www.codecover.org/xml/testsession-container" Date="1688994671834" TestSessionContainerId="e747eb20-9559-4984-a3ec-cbb8fede0ba9" version="1.0">
    <SrcFileList>
        <SrcFile Content="package smart_home;&#13;&#10;&#13;&#10;import java.util.Map;&#13;&#10;&#13;&#10;public class SmartHome {&#13;&#10;&#9;protected boolean antifurto;&#13;&#10;&#9;protected int[] tapparelle;&#13;&#10;&#9;protected StatoLuce[] luci;&#13;&#10;&#9;protected Map&lt;Porta, StatoPorta&gt; porte;&#13;&#10;&#9;&#13;&#10;&#9;//protected StazioneMeteo sm;&#13;&#10;&#9;&#13;&#10;&#9;public SmartHome(int n_luci, int n_tapparelle) {&#13;&#10;&#9;&#9;//sm = new StazioneMeteo();&#13;&#10;&#9;&#9;&#13;&#10;&#9;&#9;antifurto = true;&#13;&#10;&#9;&#9;&#13;&#10;&#9;&#9;luci = new StatoLuce[n_luci];&#13;&#10;&#9;&#9;for (int i = 0; i &lt; luci.length; i++)&#13;&#10;&#9;&#9;&#9;luci[i] = StatoLuce.SPENTA;&#13;&#10;&#9;&#9;&#13;&#10;&#9;&#9;tapparelle = new int[n_tapparelle];&#13;&#10;&#9;&#9;for (int i = 0; i &lt; tapparelle.length; i++)&#13;&#10;&#9;&#9;&#9;tapparelle[i] = 100;&#13;&#10;&#9;&#9;&#13;&#10;&#9;&#9;porte.put(Porta.PRINCIPALE, StatoPorta.CHIUSA);&#13;&#10;&#9;&#9;porte.put(Porta.RETRO, StatoPorta.CHIUSA);&#13;&#10;&#9;&#9;porte.put(Porta.GARAGE, StatoPorta.CHIUSA);&#13;&#10;&#9;&#9;&#13;&#10;&#9;}&#13;&#10;&#9;&#13;&#10;&#9;// Quando scatta l'allarme, chiudi porte e tapparelle e accendi le luci&#13;&#10;&#9;public void allarme() {&#13;&#10;&#9;&#9;if (antifurto) {&#13;&#10;&#9;&#9;&#9;for (int i = 0; i &lt; luci.length; i++)&#13;&#10;&#9;&#9;&#9;&#9;luci[i] = StatoLuce.ACCESA;&#13;&#10;&#9;&#9;&#9;&#13;&#10;&#9;&#9;&#9;for (int i = 0; i &lt; tapparelle.length; i++)&#13;&#10;&#9;&#9;&#9;&#9;tapparelle[i] = 100;&#13;&#10;&#9;&#9;&#9;&#13;&#10;&#9;&#9;&#9;porte.replace(Porta.PRINCIPALE, StatoPorta.CHIUSA);&#13;&#10;&#9;&#9;&#9;porte.replace(Porta.RETRO, StatoPorta.CHIUSA);&#13;&#10;&#9;&#9;&#9;porte.replace(Porta.GARAGE, StatoPorta.CHIUSA);&#13;&#10;&#9;&#9;}&#13;&#10;&#9;}&#13;&#10;&#9;&#13;&#10;&#9;// Quando attivo l'antifurto, la porta principale si chiude&#13;&#10;&#9;// e non posso disattivarlo se la porta principale è aperta&#13;&#10;&#9;public void toggleAntifurto() {&#13;&#10;&#9;&#9;if (antifurto) {&#13;&#10;&#9;&#9;&#9;if (porte.get(Porta.PRINCIPALE) == StatoPorta.APERTA)&#13;&#10;&#9;&#9;&#9;&#9;antifurto = false;&#13;&#10;&#9;&#9;}else {&#13;&#10;&#9;&#9;&#9;antifurto = true;&#13;&#10;&#9;&#9;&#9;porte.replace(Porta.PRINCIPALE, StatoPorta.CHIUSA);&#13;&#10;&#9;&#9;}&#13;&#10;&#9;}&#13;&#10;&#9;&#13;&#10;&#9;// Le azioni totali sulla casa aprono (o chiudono) tutte le porte e tapparelle&#13;&#10;&#9;// se chiudo tutto attivo anche l'antifurto&#13;&#10;&#9;public void chiudiTutto() {&#13;&#10;&#9;&#9;for (int i = 0; i &lt; tapparelle.length; i++)&#13;&#10;&#9;&#9;&#9;tapparelle[i] = 100;&#13;&#10;&#9;&#9;&#13;&#10;&#9;&#9;porte.replace(Porta.PRINCIPALE, StatoPorta.CHIUSA);&#13;&#10;&#9;&#9;porte.replace(Porta.RETRO, StatoPorta.CHIUSA);&#13;&#10;&#9;&#9;porte.replace(Porta.GARAGE, StatoPorta.CHIUSA);&#13;&#10;&#9;&#9;&#13;&#10;&#9;&#9;antifurto = true;&#13;&#10;&#9;}&#13;&#10;&#9;public void apriTutto() {&#9;&#13;&#10;&#9;&#9;for (int i = 0; i &lt; tapparelle.length; i++)&#13;&#10;&#9;&#9;&#9;tapparelle[i] = 0;&#13;&#10;&#9;&#9;&#13;&#10;&#9;&#9;porte.replace(Porta.PRINCIPALE, StatoPorta.APERTA);&#13;&#10;&#9;&#9;porte.replace(Porta.RETRO, StatoPorta.APERTA);&#13;&#10;&#9;&#9;porte.replace(Porta.GARAGE, StatoPorta.APERTA);&#13;&#10;&#9;}&#13;&#10;&#9;&#13;&#10;&#9;// Le azioni sulle luci ne modificano solo una (accesa, spenta o soffusa)&#13;&#10;&#9;public void accendiLuce(int i) { luci[i] = StatoLuce.ACCESA; }&#13;&#10;&#9;public void spegniLuce(int i) { luci[i] = StatoLuce.SPENTA;&#9;}&#13;&#10;&#9;public void luceSoffusa(int i) { luci[i] = StatoLuce.SOFFUSA; }&#13;&#10;&#9;&#13;&#10;&#9;// Le azioni sulle tapparelle le aprono o chiudono tutte&#13;&#10;&#9;// o impostano la percentuale di chiusura di una&#13;&#10;&#9;public void impostaTapparella(int i, int livello) {&#13;&#10;&#9;&#9;tapparelle[i] = livello;&#9;&#9;&#9;&#13;&#10;&#9;}&#13;&#10;&#9;public void apriTapparelle() {&#13;&#10;&#9;&#9;for (int i = 0; i &lt; tapparelle.length; i++)&#13;&#10;&#9;&#9;&#9;tapparelle[i] = 0;&#13;&#10;&#9;}&#13;&#10;&#9;public void chiudiTapparelle() {&#13;&#10;&#9;&#9;for (int i = 0; i &lt; tapparelle.length; i++)&#13;&#10;&#9;&#9;&#9;tapparelle[i] = 100;&#13;&#10;&#9;}&#13;&#10;&#9;&#13;&#10;&#9;&#9;&#13;&#10;&#9;// Le azioni sulle porte ne modificano solo una (aperta o chiusa)&#13;&#10;&#9;// Quando apro la porta principale, se nessuna luce è accesa, &#13;&#10;&#9;// tutte le tapparelle aperte meno del 50%, si aprono al 50%&#13;&#10;&#9;// La porta si può chiudere solo se l'antifurto è attivo&#13;&#10;&#9;public void apriPorta(Porta p) {&#13;&#10;&#9;&#9;porte.replace(p, StatoPorta.APERTA);&#13;&#10;&#9;&#9;&#13;&#10;&#9;&#9;boolean luceAccesa = false;&#13;&#10;&#9;&#9;for (int i = 0; i &lt; luci.length; i++) {&#13;&#10;&#9;&#9;&#9;if (luci[i] == StatoLuce.ACCESA) {&#13;&#10;&#9;&#9;&#9;&#9;luceAccesa = true;&#13;&#10;&#9;&#9;&#9;&#9;break;&#13;&#10;&#9;&#9;&#9;}&#13;&#10;&#9;&#9;}&#13;&#10;&#9;&#9;if (p == Porta.PRINCIPALE &amp;&amp; !luceAccesa) {&#13;&#10;&#9;&#9;&#9;for (int i = 0; i &lt; tapparelle.length; i++)&#13;&#10;&#9;&#9;&#9;&#9;if (tapparelle[i] &lt; 50) tapparelle[i] = 50;&#13;&#10;&#9;&#9;}&#13;&#10;&#9;&#9;&#9;&#13;&#10;&#9;}&#13;&#10;&#9;public void chiudiPorta(Porta p) {&#13;&#10;&#9;&#9;if (p == Porta.PRINCIPALE &amp;&amp; !antifurto)&#13;&#10;&#9;&#9;&#9;return;&#13;&#10;&#9;&#9;porte.replace(p, StatoPorta.CHIUSA);&#13;&#10;&#9;}&#13;&#10;&#9;&#13;&#10;}" Filename="SmartHome.java" Intrnl_Id="1"/>
    </SrcFileList>
    <CritList>
        <CritListEntry Name="org.codecover.model.utils.criteria.ConditionCoverage" PluginName="org.codecover"/>
        <CritListEntry Name="org.codecover.model.utils.criteria.BranchCoverage" PluginName="org.codecover"/>
        <CritListEntry Name="org.codecover.model.utils.criteria.StatementCoverage" PluginName="org.codecover"/>
    </CritList>
    <BoolOpList>
        <BoolOp Arity="2" Intrnl_Id="2" Name="conditional and (&amp;&amp;)">
            <BoolAssgnmntBoolMapList>
                <MapEntry BoolAssgnmnt="02" Value="false"/>
                <MapEntry BoolAssgnmnt="10" Value="false"/>
                <MapEntry BoolAssgnmnt="11" Value="true"/>
            </BoolAssgnmntBoolMapList>
        </BoolOp>
        <BoolOp Arity="1" Intrnl_Id="3" Name="not (!)">
            <BoolAssgnmntBoolMapList>
                <MapEntry BoolAssgnmnt="1" Value="false"/>
                <MapEntry BoolAssgnmnt="0" Value="true"/>
            </BoolAssgnmntBoolMapList>
        </BoolOp>
    </BoolOpList>
    <HierarchyLvlTypeList>
        <HierarchyLvlType EnglishName="package" IntrnlName="package" Intrnl_Id="4"/>
        <HierarchyLvlType EnglishName="method" IntrnlName="method" Intrnl_Id="5"/>
        <HierarchyLvlType EnglishName="class" IntrnlName="class" Intrnl_Id="6"/>
        <HierarchyLvlType EnglishName="default package" IntrnlName="default package" Intrnl_Id="7"/>
    </HierarchyLvlTypeList>
    <MASTRoot>
        <HierarchyLvl HierarchyLvlId="54" HierarchyLvlTypeId="7" Intrnl_Id="8" Name="default package">
            <Header/>
            <LocList/>
            <HierarchyLvl HierarchyLvlId="53" HierarchyLvlTypeId="4" Intrnl_Id="9" Name="smart_home">
                <Header/>
                <LocList/>
                <HierarchyLvl HierarchyLvlId="52" HierarchyLvlTypeId="6" Intrnl_Id="10" Name="SmartHome">
                    <Header>
                        <Loc EndOffset="70" SrcFileId="1" StartOffset="48"/>
                    </Header>
                    <LocList>
                        <Loc EndOffset="3722" SrcFileId="1" StartOffset="48"/>
                    </LocList>
                    <HierarchyLvl HierarchyLvlId="39" HierarchyLvlTypeId="5" Intrnl_Id="11" Name="SmartHome">
                        <Header>
                            <Loc EndOffset="292" SrcFileId="1" StartOffset="246"/>
                        </Header>
                        <LocList>
                            <Loc EndOffset="731" SrcFileId="1" StartOffset="246"/>
                        </LocList>
                        <StmntSeq Intrnl_Id="12">
                            <LocList>
                                <Loc EndOffset="350" SrcFileId="1" StartOffset="333"/>
                                <Loc EndOffset="387" SrcFileId="1" StartOffset="358"/>
                                <Loc EndOffset="460" SrcFileId="1" StartOffset="391"/>
                                <Loc EndOffset="503" SrcFileId="1" StartOffset="468"/>
                                <Loc EndOffset="575" SrcFileId="1" StartOffset="507"/>
                                <Loc EndOffset="630" SrcFileId="1" StartOffset="583"/>
                                <Loc EndOffset="676" SrcFileId="1" StartOffset="634"/>
                                <Loc EndOffset="723" SrcFileId="1" StartOffset="680"/>
                            </LocList>
                            <BasicStmnt CovItemId="S1" CovItemPrefix="smart_home.SmartHome.java" Intrnl_Id="13">
                                <LocList>
                                    <Loc EndOffset="350" SrcFileId="1" StartOffset="333"/>
                                </LocList>
                            </BasicStmnt>
                            <BasicStmnt CovItemId="S2" CovItemPrefix="smart_home.SmartHome.java" Intrnl_Id="14">
                                <LocList>
                                    <Loc EndOffset="387" SrcFileId="1" StartOffset="358"/>
                                </LocList>
                            </BasicStmnt>
                            <LoopStmnt CovItemId="S3" CovItemPrefix="smart_home.SmartHome.java" Intrnl_Id="15" MltplExecId="L1-2" MltplExecPrefix="smart_home.SmartHome.java" NvrExecId="L1-0" NvrExecPrefix="smart_home.SmartHome.java" OnceExecutedId="L1-1" OnceExecutedPrefix="smart_home.SmartHome.java" OptBodyExec="true">
                                <StmntSeq Intrnl_Id="16">
                                    <LocList>
                                        <Loc EndOffset="460" SrcFileId="1" StartOffset="433"/>
                                    </LocList>
                                    <BasicStmnt CovItemId="S4" CovItemPrefix="smart_home.SmartHome.java" Intrnl_Id="17">
                                        <LocList>
                                            <Loc EndOffset="460" SrcFileId="1" StartOffset="433"/>
                                        </LocList>
                                    </BasicStmnt>
                                </StmntSeq>
                                <Keyword EndOffset="394" SrcFileId="1" StartOffset="391"/>
                                <LocList>
                                    <Loc EndOffset="460" SrcFileId="1" StartOffset="391"/>
                                </LocList>
                                <RootTerm CovItemId="C1" CovItemPrefix="smart_home.SmartHome.java" Intrnl_Id="18">
                                    <BasicBoolTerm Intrnl_Id="19">
                                        <LocList>
                                            <Loc EndOffset="422" SrcFileId="1" StartOffset="407"/>
                                        </LocList>
                                    </BasicBoolTerm>
                                </RootTerm>
                            </LoopStmnt>
                            <BasicStmnt CovItemId="S5" CovItemPrefix="smart_home.SmartHome.java" Intrnl_Id="20">
                                <LocList>
                                    <Loc EndOffset="503" SrcFileId="1" StartOffset="468"/>
                                </LocList>
                            </BasicStmnt>
                            <LoopStmnt CovItemId="S6" CovItemPrefix="smart_home.SmartHome.java" Intrnl_Id="21" MltplExecId="L2-2" MltplExecPrefix="smart_home.SmartHome.java" NvrExecId="L2-0" NvrExecPrefix="smart_home.SmartHome.java" OnceExecutedId="L2-1" OnceExecutedPrefix="smart_home.SmartHome.java" OptBodyExec="true">
                                <StmntSeq Intrnl_Id="22">
                                    <LocList>
                                        <Loc EndOffset="575" SrcFileId="1" StartOffset="555"/>
                                    </LocList>
                                    <BasicStmnt CovItemId="S7" CovItemPrefix="smart_home.SmartHome.java" Intrnl_Id="23">
                                        <LocList>
                                            <Loc EndOffset="575" SrcFileId="1" StartOffset="555"/>
                                        </LocList>
                                    </BasicStmnt>
                                </StmntSeq>
                                <Keyword EndOffset="510" SrcFileId="1" StartOffset="507"/>
                                <LocList>
                                    <Loc EndOffset="575" SrcFileId="1" StartOffset="507"/>
                                </LocList>
                                <RootTerm CovItemId="C2" CovItemPrefix="smart_home.SmartHome.java" Intrnl_Id="24">
                                    <BasicBoolTerm Intrnl_Id="25">
                                        <LocList>
                                            <Loc EndOffset="544" SrcFileId="1" StartOffset="523"/>
                                        </LocList>
                                    </BasicBoolTerm>
                                </RootTerm>
                            </LoopStmnt>
                            <BasicStmnt CovItemId="S8" CovItemPrefix="smart_home.SmartHome.java" Intrnl_Id="26">
                                <LocList>
                                    <Loc EndOffset="630" SrcFileId="1" StartOffset="583"/>
                                </LocList>
                            </BasicStmnt>
                            <BasicStmnt CovItemId="S9" CovItemPrefix="smart_home.SmartHome.java" Intrnl_Id="27">
                                <LocList>
                                    <Loc EndOffset="676" SrcFileId="1" StartOffset="634"/>
                                </LocList>
                            </BasicStmnt>
                            <BasicStmnt CovItemId="S10" CovItemPrefix="smart_home.SmartHome.java" Intrnl_Id="28">
                                <LocList>
                                    <Loc EndOffset="723" SrcFileId="1" StartOffset="680"/>
                                </LocList>
                            </BasicStmnt>
                        </StmntSeq>
                    </HierarchyLvl>
                    <HierarchyLvl HierarchyLvlId="40" HierarchyLvlTypeId="5" Intrnl_Id="29" Name="allarme">
                        <Header>
                            <Loc EndOffset="832" SrcFileId="1" StartOffset="811"/>
                        </Header>
                        <LocList>
                            <Loc EndOffset="1181" SrcFileId="1" StartOffset="811"/>
                        </LocList>
                        <StmntSeq Intrnl_Id="30">
                            <LocList>
                                <Loc EndOffset="1177" SrcFileId="1" StartOffset="838"/>
                            </LocList>
                            <CondStmnt CovItemId="S11" CovItemPrefix="smart_home.SmartHome.java" Intrnl_Id="31">
                                <Branch CovItemId="B1" CovItemPrefix="smart_home.SmartHome.java" Implct="false" Intrnl_Id="32">
                                    <Cond/>
                                    <LocList>
                                        <Loc EndOffset="1177" SrcFileId="1" StartOffset="853"/>
                                    </LocList>
                                    <StmntSeq Intrnl_Id="33">
                                        <LocList>
                                            <Loc EndOffset="929" SrcFileId="1" StartOffset="859"/>
                                            <Loc EndOffset="1008" SrcFileId="1" StartOffset="939"/>
                                            <Loc EndOffset="1069" SrcFileId="1" StartOffset="1018"/>
                                            <Loc EndOffset="1120" SrcFileId="1" StartOffset="1074"/>
                                            <Loc EndOffset="1172" SrcFileId="1" StartOffset="1125"/>
                                        </LocList>
                                        <LoopStmnt CovItemId="S12" CovItemPrefix="smart_home.SmartHome.java" Intrnl_Id="34" MltplExecId="L3-2" MltplExecPrefix="smart_home.SmartHome.java" NvrExecId="L3-0" NvrExecPrefix="smart_home.SmartHome.java" OnceExecutedId="L3-1" OnceExecutedPrefix="smart_home.SmartHome.java" OptBodyExec="true">
                                            <StmntSeq Intrnl_Id="35">
                                                <LocList>
                                                    <Loc EndOffset="929" SrcFileId="1" StartOffset="902"/>
                                                </LocList>
                                                <BasicStmnt CovItemId="S13" CovItemPrefix="smart_home.SmartHome.java" Intrnl_Id="36">
                                                    <LocList>
                                                        <Loc EndOffset="929" SrcFileId="1" StartOffset="902"/>
                                                    </LocList>
                                                </BasicStmnt>
                                            </StmntSeq>
                                            <Keyword EndOffset="862" SrcFileId="1" StartOffset="859"/>
                                            <LocList>
                                                <Loc EndOffset="929" SrcFileId="1" StartOffset="859"/>
                                            </LocList>
                                            <RootTerm CovItemId="C4" CovItemPrefix="smart_home.SmartHome.java" Intrnl_Id="37">
                                                <BasicBoolTerm Intrnl_Id="38">
                                                    <LocList>
                                                        <Loc EndOffset="890" SrcFileId="1" StartOffset="875"/>
                                                    </LocList>
                                                </BasicBoolTerm>
                                            </RootTerm>
                                        </LoopStmnt>
                                        <LoopStmnt CovItemId="S14" CovItemPrefix="smart_home.SmartHome.java" Intrnl_Id="39" MltplExecId="L4-2" MltplExecPrefix="smart_home.SmartHome.java" NvrExecId="L4-0" NvrExecPrefix="smart_home.SmartHome.java" OnceExecutedId="L4-1" OnceExecutedPrefix="smart_home.SmartHome.java" OptBodyExec="true">
                                            <StmntSeq Intrnl_Id="40">
                                                <LocList>
                                                    <Loc EndOffset="1008" SrcFileId="1" StartOffset="988"/>
                                                </LocList>
                                                <BasicStmnt CovItemId="S15" CovItemPrefix="smart_home.SmartHome.java" Intrnl_Id="41">
                                                    <LocList>
                                                        <Loc EndOffset="1008" SrcFileId="1" StartOffset="988"/>
                                                    </LocList>
                                                </BasicStmnt>
                                            </StmntSeq>
                                            <Keyword EndOffset="942" SrcFileId="1" StartOffset="939"/>
                                            <LocList>
                                                <Loc EndOffset="1008" SrcFileId="1" StartOffset="939"/>
                                            </LocList>
                                            <RootTerm CovItemId="C5" CovItemPrefix="smart_home.SmartHome.java" Intrnl_Id="42">
                                                <BasicBoolTerm Intrnl_Id="43">
                                                    <LocList>
                                                        <Loc EndOffset="976" SrcFileId="1" StartOffset="955"/>
                                                    </LocList>
                                                </BasicBoolTerm>
                                            </RootTerm>
                                        </LoopStmnt>
                                        <BasicStmnt CovItemId="S16" CovItemPrefix="smart_home.SmartHome.java" Intrnl_Id="44">
                                            <LocList>
                                                <Loc EndOffset="1069" SrcFileId="1" StartOffset="1018"/>
                                            </LocList>
                                        </BasicStmnt>
                                        <BasicStmnt CovItemId="S17" CovItemPrefix="smart_home.SmartHome.java" Intrnl_Id="45">
                                            <LocList>
                                                <Loc EndOffset="1120" SrcFileId="1" StartOffset="1074"/>
                                            </LocList>
                                        </BasicStmnt>
                                        <BasicStmnt CovItemId="S18" CovItemPrefix="smart_home.SmartHome.java" Intrnl_Id="46">
                                            <LocList>
                                                <Loc EndOffset="1172" SrcFileId="1" StartOffset="1125"/>
                                            </LocList>
                                        </BasicStmnt>
                                    </StmntSeq>
                                </Branch>
                                <Branch CovItemId="B2" CovItemPrefix="smart_home.SmartHome.java" Implct="true" Intrnl_Id="47">
                                    <Cond/>
                                    <LocList/>
                                    <StmntSeq Intrnl_Id="48">
                                        <LocList/>
                                    </StmntSeq>
                                </Branch>
                                <Keyword EndOffset="840" SrcFileId="1" StartOffset="838"/>
                                <LocList>
                                    <Loc EndOffset="1177" SrcFileId="1" StartOffset="838"/>
                                </LocList>
                                <RootTerm CovItemId="C3" CovItemPrefix="smart_home.SmartHome.java" Intrnl_Id="49">
                                    <BasicBoolTerm Intrnl_Id="50">
                                        <LocList>
                                            <Loc EndOffset="851" SrcFileId="1" StartOffset="842"/>
                                        </LocList>
                                    </BasicBoolTerm>
                                </RootTerm>
                            </CondStmnt>
                        </StmntSeq>
                    </HierarchyLvl>
                    <HierarchyLvl HierarchyLvlId="41" HierarchyLvlTypeId="5" Intrnl_Id="51" Name="toggleAntifurto">
                        <Header>
                            <Loc EndOffset="1340" SrcFileId="1" StartOffset="1311"/>
                        </Header>
                        <LocList>
                            <Loc EndOffset="1542" SrcFileId="1" StartOffset="1311"/>
                        </LocList>
                        <StmntSeq Intrnl_Id="52">
                            <LocList>
                                <Loc EndOffset="1538" SrcFileId="1" StartOffset="1346"/>
                            </LocList>
                            <CondStmnt CovItemId="S19" CovItemPrefix="smart_home.SmartHome.java" Intrnl_Id="53">
                                <Branch CovItemId="B3" CovItemPrefix="smart_home.SmartHome.java" Implct="false" Intrnl_Id="54">
                                    <Cond/>
                                    <LocList>
                                        <Loc EndOffset="1449" SrcFileId="1" StartOffset="1361"/>
                                    </LocList>
                                    <StmntSeq Intrnl_Id="55">
                                        <LocList>
                                            <Loc EndOffset="1444" SrcFileId="1" StartOffset="1367"/>
                                        </LocList>
                                        <CondStmnt CovItemId="S20" CovItemPrefix="smart_home.SmartHome.java" Intrnl_Id="56">
                                            <Branch CovItemId="B5" CovItemPrefix="smart_home.SmartHome.java" Implct="false" Intrnl_Id="57">
                                                <Cond/>
                                                <LocList>
                                                    <Loc EndOffset="1444" SrcFileId="1" StartOffset="1426"/>
                                                </LocList>
                                                <StmntSeq Intrnl_Id="58">
                                                    <LocList>
                                                        <Loc EndOffset="1444" SrcFileId="1" StartOffset="1426"/>
                                                    </LocList>
                                                    <BasicStmnt CovItemId="S21" CovItemPrefix="smart_home.SmartHome.java" Intrnl_Id="59">
                                                        <LocList>
                                                            <Loc EndOffset="1444" SrcFileId="1" StartOffset="1426"/>
                                                        </LocList>
                                                    </BasicStmnt>
                                                </StmntSeq>
                                            </Branch>
                                            <Branch CovItemId="B6" CovItemPrefix="smart_home.SmartHome.java" Implct="true" Intrnl_Id="60">
                                                <Cond/>
                                                <LocList/>
                                                <StmntSeq Intrnl_Id="61">
                                                    <LocList/>
                                                </StmntSeq>
                                            </Branch>
                                            <Keyword EndOffset="1369" SrcFileId="1" StartOffset="1367"/>
                                            <LocList>
                                                <Loc EndOffset="1444" SrcFileId="1" StartOffset="1367"/>
                                            </LocList>
                                            <RootTerm CovItemId="C7" CovItemPrefix="smart_home.SmartHome.java" Intrnl_Id="62">
                                                <BasicBoolTerm Intrnl_Id="63">
                                                    <LocList>
                                                        <Loc EndOffset="1419" SrcFileId="1" StartOffset="1371"/>
                                                    </LocList>
                                                </BasicBoolTerm>
                                            </RootTerm>
                                        </CondStmnt>
                                    </StmntSeq>
                                </Branch>
                                <Branch CovItemId="B4" CovItemPrefix="smart_home.SmartHome.java" Implct="false" Intrnl_Id="64">
                                    <Cond>
                                        <Loc EndOffset="1453" SrcFileId="1" StartOffset="1449"/>
                                    </Cond>
                                    <LocList>
                                        <Loc EndOffset="1538" SrcFileId="1" StartOffset="1454"/>
                                    </LocList>
                                    <StmntSeq Intrnl_Id="65">
                                        <LocList>
                                            <Loc EndOffset="1477" SrcFileId="1" StartOffset="1460"/>
                                            <Loc EndOffset="1533" SrcFileId="1" StartOffset="1482"/>
                                        </LocList>
                                        <BasicStmnt CovItemId="S22" CovItemPrefix="smart_home.SmartHome.java" Intrnl_Id="66">
                                            <LocList>
                                                <Loc EndOffset="1477" SrcFileId="1" StartOffset="1460"/>
                                            </LocList>
                                        </BasicStmnt>
                                        <BasicStmnt CovItemId="S23" CovItemPrefix="smart_home.SmartHome.java" Intrnl_Id="67">
                                            <LocList>
                                                <Loc EndOffset="1533" SrcFileId="1" StartOffset="1482"/>
                                            </LocList>
                                        </BasicStmnt>
                                    </StmntSeq>
                                </Branch>
                                <Keyword EndOffset="1348" SrcFileId="1" StartOffset="1346"/>
                                <LocList>
                                    <Loc EndOffset="1538" SrcFileId="1" StartOffset="1346"/>
                                </LocList>
                                <RootTerm CovItemId="C6" CovItemPrefix="smart_home.SmartHome.java" Intrnl_Id="68">
                                    <BasicBoolTerm Intrnl_Id="69">
                                        <LocList>
                                            <Loc EndOffset="1359" SrcFileId="1" StartOffset="1350"/>
                                        </LocList>
                                    </BasicBoolTerm>
                                </RootTerm>
                            </CondStmnt>
                        </StmntSeq>
                    </HierarchyLvl>
                    <HierarchyLvl HierarchyLvlId="42" HierarchyLvlTypeId="5" Intrnl_Id="70" Name="chiudiTutto">
                        <Header>
                            <Loc EndOffset="1700" SrcFileId="1" StartOffset="1675"/>
                        </Header>
                        <LocList>
                            <Loc EndOffset="1963" SrcFileId="1" StartOffset="1675"/>
                        </LocList>
                        <StmntSeq Intrnl_Id="71">
                            <LocList>
                                <Loc EndOffset="1774" SrcFileId="1" StartOffset="1706"/>
                                <Loc EndOffset="1833" SrcFileId="1" StartOffset="1782"/>
                                <Loc EndOffset="1883" SrcFileId="1" StartOffset="1837"/>
                                <Loc EndOffset="1934" SrcFileId="1" StartOffset="1887"/>
                                <Loc EndOffset="1959" SrcFileId="1" StartOffset="1942"/>
                            </LocList>
                            <LoopStmnt CovItemId="S24" CovItemPrefix="smart_home.SmartHome.java" Intrnl_Id="72" MltplExecId="L5-2" MltplExecPrefix="smart_home.SmartHome.java" NvrExecId="L5-0" NvrExecPrefix="smart_home.SmartHome.java" OnceExecutedId="L5-1" OnceExecutedPrefix="smart_home.SmartHome.java" OptBodyExec="true">
                                <StmntSeq Intrnl_Id="73">
                                    <LocList>
                                        <Loc EndOffset="1774" SrcFileId="1" StartOffset="1754"/>
                                    </LocList>
                                    <BasicStmnt CovItemId="S25" CovItemPrefix="smart_home.SmartHome.java" Intrnl_Id="74">
                                        <LocList>
                                            <Loc EndOffset="1774" SrcFileId="1" StartOffset="1754"/>
                                        </LocList>
                                    </BasicStmnt>
                                </StmntSeq>
                                <Keyword EndOffset="1709" SrcFileId="1" StartOffset="1706"/>
                                <LocList>
                                    <Loc EndOffset="1774" SrcFileId="1" StartOffset="1706"/>
                                </LocList>
                                <RootTerm CovItemId="C8" CovItemPrefix="smart_home.SmartHome.java" Intrnl_Id="75">
                                    <BasicBoolTerm Intrnl_Id="76">
                                        <LocList>
                                            <Loc EndOffset="1743" SrcFileId="1" StartOffset="1722"/>
                                        </LocList>
                                    </BasicBoolTerm>
                                </RootTerm>
                            </LoopStmnt>
                            <BasicStmnt CovItemId="S26" CovItemPrefix="smart_home.SmartHome.java" Intrnl_Id="77">
                                <LocList>
                                    <Loc EndOffset="1833" SrcFileId="1" StartOffset="1782"/>
                                </LocList>
                            </BasicStmnt>
                            <BasicStmnt CovItemId="S27" CovItemPrefix="smart_home.SmartHome.java" Intrnl_Id="78">
                                <LocList>
                                    <Loc EndOffset="1883" SrcFileId="1" StartOffset="1837"/>
                                </LocList>
                            </BasicStmnt>
                            <BasicStmnt CovItemId="S28" CovItemPrefix="smart_home.SmartHome.java" Intrnl_Id="79">
                                <LocList>
                                    <Loc EndOffset="1934" SrcFileId="1" StartOffset="1887"/>
                                </LocList>
                            </BasicStmnt>
                            <BasicStmnt CovItemId="S29" CovItemPrefix="smart_home.SmartHome.java" Intrnl_Id="80">
                                <LocList>
                                    <Loc EndOffset="1959" SrcFileId="1" StartOffset="1942"/>
                                </LocList>
                            </BasicStmnt>
                        </StmntSeq>
                    </HierarchyLvl>
                    <HierarchyLvl HierarchyLvlId="43" HierarchyLvlTypeId="5" Intrnl_Id="81" Name="apriTutto">
                        <Header>
                            <Loc EndOffset="1989" SrcFileId="1" StartOffset="1966"/>
                        </Header>
                        <LocList>
                            <Loc EndOffset="2226" SrcFileId="1" StartOffset="1966"/>
                        </LocList>
                        <StmntSeq Intrnl_Id="82">
                            <LocList>
                                <Loc EndOffset="2062" SrcFileId="1" StartOffset="1996"/>
                                <Loc EndOffset="2121" SrcFileId="1" StartOffset="2070"/>
                                <Loc EndOffset="2171" SrcFileId="1" StartOffset="2125"/>
                                <Loc EndOffset="2222" SrcFileId="1" StartOffset="2175"/>
                            </LocList>
                            <LoopStmnt CovItemId="S30" CovItemPrefix="smart_home.SmartHome.java" Intrnl_Id="83" MltplExecId="L6-2" MltplExecPrefix="smart_home.SmartHome.java" NvrExecId="L6-0" NvrExecPrefix="smart_home.SmartHome.java" OnceExecutedId="L6-1" OnceExecutedPrefix="smart_home.SmartHome.java" OptBodyExec="true">
                                <StmntSeq Intrnl_Id="84">
                                    <LocList>
                                        <Loc EndOffset="2062" SrcFileId="1" StartOffset="2044"/>
                                    </LocList>
                                    <BasicStmnt CovItemId="S31" CovItemPrefix="smart_home.SmartHome.java" Intrnl_Id="85">
                                        <LocList>
                                            <Loc EndOffset="2062" SrcFileId="1" StartOffset="2044"/>
                                        </LocList>
                                    </BasicStmnt>
                                </StmntSeq>
                                <Keyword EndOffset="1999" SrcFileId="1" StartOffset="1996"/>
                                <LocList>
                                    <Loc EndOffset="2062" SrcFileId="1" StartOffset="1996"/>
                                </LocList>
                                <RootTerm CovItemId="C9" CovItemPrefix="smart_home.SmartHome.java" Intrnl_Id="86">
                                    <BasicBoolTerm Intrnl_Id="87">
                                        <LocList>
                                            <Loc EndOffset="2033" SrcFileId="1" StartOffset="2012"/>
                                        </LocList>
                                    </BasicBoolTerm>
                                </RootTerm>
                            </LoopStmnt>
                            <BasicStmnt CovItemId="S32" CovItemPrefix="smart_home.SmartHome.java" Intrnl_Id="88">
                                <LocList>
                                    <Loc EndOffset="2121" SrcFileId="1" StartOffset="2070"/>
                                </LocList>
                            </BasicStmnt>
                            <BasicStmnt CovItemId="S33" CovItemPrefix="smart_home.SmartHome.java" Intrnl_Id="89">
                                <LocList>
                                    <Loc EndOffset="2171" SrcFileId="1" StartOffset="2125"/>
                                </LocList>
                            </BasicStmnt>
                            <BasicStmnt CovItemId="S34" CovItemPrefix="smart_home.SmartHome.java" Intrnl_Id="90">
                                <LocList>
                                    <Loc EndOffset="2222" SrcFileId="1" StartOffset="2175"/>
                                </LocList>
                            </BasicStmnt>
                        </StmntSeq>
                    </HierarchyLvl>
                    <HierarchyLvl HierarchyLvlId="44" HierarchyLvlTypeId="5" Intrnl_Id="91" Name="accendiLuce">
                        <Header>
                            <Loc EndOffset="2338" SrcFileId="1" StartOffset="2308"/>
                        </Header>
                        <LocList>
                            <Loc EndOffset="2370" SrcFileId="1" StartOffset="2308"/>
                        </LocList>
                        <StmntSeq Intrnl_Id="92">
                            <LocList>
                                <Loc EndOffset="2368" SrcFileId="1" StartOffset="2341"/>
                            </LocList>
                            <BasicStmnt CovItemId="S35" CovItemPrefix="smart_home.SmartHome.java" Intrnl_Id="93">
                                <LocList>
                                    <Loc EndOffset="2368" SrcFileId="1" StartOffset="2341"/>
                                </LocList>
                            </BasicStmnt>
                        </StmntSeq>
                    </HierarchyLvl>
                    <HierarchyLvl HierarchyLvlId="45" HierarchyLvlTypeId="5" Intrnl_Id="94" Name="spegniLuce">
                        <Header>
                            <Loc EndOffset="2402" SrcFileId="1" StartOffset="2373"/>
                        </Header>
                        <LocList>
                            <Loc EndOffset="2434" SrcFileId="1" StartOffset="2373"/>
                        </LocList>
                        <StmntSeq Intrnl_Id="95">
                            <LocList>
                                <Loc EndOffset="2432" SrcFileId="1" StartOffset="2405"/>
                            </LocList>
                            <BasicStmnt CovItemId="S36" CovItemPrefix="smart_home.SmartHome.java" Intrnl_Id="96">
                                <LocList>
                                    <Loc EndOffset="2432" SrcFileId="1" StartOffset="2405"/>
                                </LocList>
                            </BasicStmnt>
                        </StmntSeq>
                    </HierarchyLvl>
                    <HierarchyLvl HierarchyLvlId="46" HierarchyLvlTypeId="5" Intrnl_Id="97" Name="luceSoffusa">
                        <Header>
                            <Loc EndOffset="2467" SrcFileId="1" StartOffset="2437"/>
                        </Header>
                        <LocList>
                            <Loc EndOffset="2500" SrcFileId="1" StartOffset="2437"/>
                        </LocList>
                        <StmntSeq Intrnl_Id="98">
                            <LocList>
                                <Loc EndOffset="2498" SrcFileId="1" StartOffset="2470"/>
                            </LocList>
                            <BasicStmnt CovItemId="S37" CovItemPrefix="smart_home.SmartHome.java" Intrnl_Id="99">
                                <LocList>
                                    <Loc EndOffset="2498" SrcFileId="1" StartOffset="2470"/>
                                </LocList>
                            </BasicStmnt>
                        </StmntSeq>
                    </HierarchyLvl>
                    <HierarchyLvl HierarchyLvlId="47" HierarchyLvlTypeId="5" Intrnl_Id="100" Name="impostaTapparella">
                        <Header>
                            <Loc EndOffset="2665" SrcFileId="1" StartOffset="2616"/>
                        </Header>
                        <LocList>
                            <Loc EndOffset="2702" SrcFileId="1" StartOffset="2616"/>
                        </LocList>
                        <StmntSeq Intrnl_Id="101">
                            <LocList>
                                <Loc EndOffset="2695" SrcFileId="1" StartOffset="2671"/>
                            </LocList>
                            <BasicStmnt CovItemId="S38" CovItemPrefix="smart_home.SmartHome.java" Intrnl_Id="102">
                                <LocList>
                                    <Loc EndOffset="2695" SrcFileId="1" StartOffset="2671"/>
                                </LocList>
                            </BasicStmnt>
                        </StmntSeq>
                    </HierarchyLvl>
                    <HierarchyLvl HierarchyLvlId="48" HierarchyLvlTypeId="5" Intrnl_Id="103" Name="apriTapparelle">
                        <Header>
                            <Loc EndOffset="2733" SrcFileId="1" StartOffset="2705"/>
                        </Header>
                        <LocList>
                            <Loc EndOffset="2809" SrcFileId="1" StartOffset="2705"/>
                        </LocList>
                        <StmntSeq Intrnl_Id="104">
                            <LocList>
                                <Loc EndOffset="2805" SrcFileId="1" StartOffset="2739"/>
                            </LocList>
                            <LoopStmnt CovItemId="S39" CovItemPrefix="smart_home.SmartHome.java" Intrnl_Id="105" MltplExecId="L7-2" MltplExecPrefix="smart_home.SmartHome.java" NvrExecId="L7-0" NvrExecPrefix="smart_home.SmartHome.java" OnceExecutedId="L7-1" OnceExecutedPrefix="smart_home.SmartHome.java" OptBodyExec="true">
                                <StmntSeq Intrnl_Id="106">
                                    <LocList>
                                        <Loc EndOffset="2805" SrcFileId="1" StartOffset="2787"/>
                                    </LocList>
                                    <BasicStmnt CovItemId="S40" CovItemPrefix="smart_home.SmartHome.java" Intrnl_Id="107">
                                        <LocList>
                                            <Loc EndOffset="2805" SrcFileId="1" StartOffset="2787"/>
                                        </LocList>
                                    </BasicStmnt>
                                </StmntSeq>
                                <Keyword EndOffset="2742" SrcFileId="1" StartOffset="2739"/>
                                <LocList>
                                    <Loc EndOffset="2805" SrcFileId="1" StartOffset="2739"/>
                                </LocList>
                                <RootTerm CovItemId="C10" CovItemPrefix="smart_home.SmartHome.java" Intrnl_Id="108">
                                    <BasicBoolTerm Intrnl_Id="109">
                                        <LocList>
                                            <Loc EndOffset="2776" SrcFileId="1" StartOffset="2755"/>
                                        </LocList>
                                    </BasicBoolTerm>
                                </RootTerm>
                            </LoopStmnt>
                        </StmntSeq>
                    </HierarchyLvl>
                    <HierarchyLvl HierarchyLvlId="49" HierarchyLvlTypeId="5" Intrnl_Id="110" Name="chiudiTapparelle">
                        <Header>
                            <Loc EndOffset="2842" SrcFileId="1" StartOffset="2812"/>
                        </Header>
                        <LocList>
                            <Loc EndOffset="2920" SrcFileId="1" StartOffset="2812"/>
                        </LocList>
                        <StmntSeq Intrnl_Id="111">
                            <LocList>
                                <Loc EndOffset="2916" SrcFileId="1" StartOffset="2848"/>
                            </LocList>
                            <LoopStmnt CovItemId="S41" CovItemPrefix="smart_home.SmartHome.java" Intrnl_Id="112" MltplExecId="L8-2" MltplExecPrefix="smart_home.SmartHome.java" NvrExecId="L8-0" NvrExecPrefix="smart_home.SmartHome.java" OnceExecutedId="L8-1" OnceExecutedPrefix="smart_home.SmartHome.java" OptBodyExec="true">
                                <StmntSeq Intrnl_Id="113">
                                    <LocList>
                                        <Loc EndOffset="2916" SrcFileId="1" StartOffset="2896"/>
                                    </LocList>
                                    <BasicStmnt CovItemId="S42" CovItemPrefix="smart_home.SmartHome.java" Intrnl_Id="114">
                                        <LocList>
                                            <Loc EndOffset="2916" SrcFileId="1" StartOffset="2896"/>
                                        </LocList>
                                    </BasicStmnt>
                                </StmntSeq>
                                <Keyword EndOffset="2851" SrcFileId="1" StartOffset="2848"/>
                                <LocList>
                                    <Loc EndOffset="2916" SrcFileId="1" StartOffset="2848"/>
                                </LocList>
                                <RootTerm CovItemId="C11" CovItemPrefix="smart_home.SmartHome.java" Intrnl_Id="115">
                                    <BasicBoolTerm Intrnl_Id="116">
                                        <LocList>
                                            <Loc EndOffset="2885" SrcFileId="1" StartOffset="2864"/>
                                        </LocList>
                                    </BasicBoolTerm>
                                </RootTerm>
                            </LoopStmnt>
                        </StmntSeq>
                    </HierarchyLvl>
                    <HierarchyLvl HierarchyLvlId="50" HierarchyLvlTypeId="5" Intrnl_Id="117" Name="apriPorta">
                        <Header>
                            <Loc EndOffset="3215" SrcFileId="1" StartOffset="3185"/>
                        </Header>
                        <LocList>
                            <Loc EndOffset="3579" SrcFileId="1" StartOffset="3185"/>
                        </LocList>
                        <StmntSeq Intrnl_Id="118">
                            <LocList>
                                <Loc EndOffset="3257" SrcFileId="1" StartOffset="3221"/>
                                <Loc EndOffset="3292" SrcFileId="1" StartOffset="3265"/>
                                <Loc EndOffset="3421" SrcFileId="1" StartOffset="3296"/>
                                <Loc EndOffset="3570" SrcFileId="1" StartOffset="3425"/>
                            </LocList>
                            <BasicStmnt CovItemId="S43" CovItemPrefix="smart_home.SmartHome.java" Intrnl_Id="119">
                                <LocList>
                                    <Loc EndOffset="3257" SrcFileId="1" StartOffset="3221"/>
                                </LocList>
                            </BasicStmnt>
                            <BasicStmnt CovItemId="S44" CovItemPrefix="smart_home.SmartHome.java" Intrnl_Id="120">
                                <LocList>
                                    <Loc EndOffset="3292" SrcFileId="1" StartOffset="3265"/>
                                </LocList>
                            </BasicStmnt>
                            <LoopStmnt CovItemId="S45" CovItemPrefix="smart_home.SmartHome.java" Intrnl_Id="121" MltplExecId="L9-2" MltplExecPrefix="smart_home.SmartHome.java" NvrExecId="L9-0" NvrExecPrefix="smart_home.SmartHome.java" OnceExecutedId="L9-1" OnceExecutedPrefix="smart_home.SmartHome.java" OptBodyExec="true">
                                <StmntSeq Intrnl_Id="122">
                                    <LocList>
                                        <Loc EndOffset="3416" SrcFileId="1" StartOffset="3340"/>
                                    </LocList>
                                    <CondStmnt CovItemId="S46" CovItemPrefix="smart_home.SmartHome.java" Intrnl_Id="123">
                                        <Branch CovItemId="B7" CovItemPrefix="smart_home.SmartHome.java" Implct="false" Intrnl_Id="124">
                                            <Cond/>
                                            <LocList>
                                                <Loc EndOffset="3416" SrcFileId="1" StartOffset="3373"/>
                                            </LocList>
                                            <StmntSeq Intrnl_Id="125">
                                                <LocList>
                                                    <Loc EndOffset="3398" SrcFileId="1" StartOffset="3380"/>
                                                    <Loc EndOffset="3410" SrcFileId="1" StartOffset="3404"/>
                                                </LocList>
                                                <BasicStmnt CovItemId="S47" CovItemPrefix="smart_home.SmartHome.java" Intrnl_Id="126">
                                                    <LocList>
                                                        <Loc EndOffset="3398" SrcFileId="1" StartOffset="3380"/>
                                                    </LocList>
                                                </BasicStmnt>
                                                <BasicStmnt CovItemId="S48" CovItemPrefix="smart_home.SmartHome.java" Intrnl_Id="127">
                                                    <LocList>
                                                        <Loc EndOffset="3410" SrcFileId="1" StartOffset="3404"/>
                                                    </LocList>
                                                </BasicStmnt>
                                            </StmntSeq>
                                        </Branch>
                                        <Branch CovItemId="B8" CovItemPrefix="smart_home.SmartHome.java" Implct="true" Intrnl_Id="128">
                                            <Cond/>
                                            <LocList/>
                                            <StmntSeq Intrnl_Id="129">
                                                <LocList/>
                                            </StmntSeq>
                                        </Branch>
                                        <Keyword EndOffset="3342" SrcFileId="1" StartOffset="3340"/>
                                        <LocList>
                                            <Loc EndOffset="3416" SrcFileId="1" StartOffset="3340"/>
                                        </LocList>
                                        <RootTerm CovItemId="C13" CovItemPrefix="smart_home.SmartHome.java" Intrnl_Id="130">
                                            <BasicBoolTerm Intrnl_Id="131">
                                                <LocList>
                                                    <Loc EndOffset="3371" SrcFileId="1" StartOffset="3344"/>
                                                </LocList>
                                            </BasicBoolTerm>
                                        </RootTerm>
                                    </CondStmnt>
                                </StmntSeq>
                                <Keyword EndOffset="3299" SrcFileId="1" StartOffset="3296"/>
                                <LocList>
                                    <Loc EndOffset="3421" SrcFileId="1" StartOffset="3296"/>
                                </LocList>
                                <RootTerm CovItemId="C12" CovItemPrefix="smart_home.SmartHome.java" Intrnl_Id="132">
                                    <BasicBoolTerm Intrnl_Id="133">
                                        <LocList>
                                            <Loc EndOffset="3327" SrcFileId="1" StartOffset="3312"/>
                                        </LocList>
                                    </BasicBoolTerm>
                                </RootTerm>
                            </LoopStmnt>
                            <CondStmnt CovItemId="S49" CovItemPrefix="smart_home.SmartHome.java" Intrnl_Id="134">
                                <Branch CovItemId="B9" CovItemPrefix="smart_home.SmartHome.java" Implct="false" Intrnl_Id="135">
                                    <Cond/>
                                    <LocList>
                                        <Loc EndOffset="3570" SrcFileId="1" StartOffset="3467"/>
                                    </LocList>
                                    <StmntSeq Intrnl_Id="136">
                                        <LocList>
                                            <Loc EndOffset="3565" SrcFileId="1" StartOffset="3473"/>
                                        </LocList>
                                        <LoopStmnt CovItemId="S50" CovItemPrefix="smart_home.SmartHome.java" Intrnl_Id="137" MltplExecId="L10-2" MltplExecPrefix="smart_home.SmartHome.java" NvrExecId="L10-0" NvrExecPrefix="smart_home.SmartHome.java" OnceExecutedId="L10-1" OnceExecutedPrefix="smart_home.SmartHome.java" OptBodyExec="true">
                                            <StmntSeq Intrnl_Id="138">
                                                <LocList>
                                                    <Loc EndOffset="3565" SrcFileId="1" StartOffset="3522"/>
                                                </LocList>
                                                <CondStmnt CovItemId="S51" CovItemPrefix="smart_home.SmartHome.java" Intrnl_Id="139">
                                                    <Branch CovItemId="B11" CovItemPrefix="smart_home.SmartHome.java" Implct="false" Intrnl_Id="140">
                                                        <Cond/>
                                                        <LocList>
                                                            <Loc EndOffset="3565" SrcFileId="1" StartOffset="3546"/>
                                                        </LocList>
                                                        <StmntSeq Intrnl_Id="141">
                                                            <LocList>
                                                                <Loc EndOffset="3565" SrcFileId="1" StartOffset="3546"/>
                                                            </LocList>
                                                            <BasicStmnt CovItemId="S52" CovItemPrefix="smart_home.SmartHome.java" Intrnl_Id="142">
                                                                <LocList>
                                                                    <Loc EndOffset="3565" SrcFileId="1" StartOffset="3546"/>
                                                                </LocList>
                                                            </BasicStmnt>
                                                        </StmntSeq>
                                                    </Branch>
                                                    <Branch CovItemId="B12" CovItemPrefix="smart_home.SmartHome.java" Implct="true" Intrnl_Id="143">
                                                        <Cond/>
                                                        <LocList/>
                                                        <StmntSeq Intrnl_Id="144">
                                                            <LocList/>
                                                        </StmntSeq>
                                                    </Branch>
                                                    <Keyword EndOffset="3524" SrcFileId="1" StartOffset="3522"/>
                                                    <LocList>
                                                        <Loc EndOffset="3565" SrcFileId="1" StartOffset="3522"/>
                                                    </LocList>
                                                    <RootTerm CovItemId="C16" CovItemPrefix="smart_home.SmartHome.java" Intrnl_Id="145">
                                                        <BasicBoolTerm Intrnl_Id="146">
                                                            <LocList>
                                                                <Loc EndOffset="3544" SrcFileId="1" StartOffset="3526"/>
                                                            </LocList>
                                                        </BasicBoolTerm>
                                                    </RootTerm>
                                                </CondStmnt>
                                            </StmntSeq>
                                            <Keyword EndOffset="3476" SrcFileId="1" StartOffset="3473"/>
                                            <LocList>
                                                <Loc EndOffset="3565" SrcFileId="1" StartOffset="3473"/>
                                            </LocList>
                                            <RootTerm CovItemId="C15" CovItemPrefix="smart_home.SmartHome.java" Intrnl_Id="147">
                                                <BasicBoolTerm Intrnl_Id="148">
                                                    <LocList>
                                                        <Loc EndOffset="3510" SrcFileId="1" StartOffset="3489"/>
                                                    </LocList>
                                                </BasicBoolTerm>
                                            </RootTerm>
                                        </LoopStmnt>
                                    </StmntSeq>
                                </Branch>
                                <Branch CovItemId="B10" CovItemPrefix="smart_home.SmartHome.java" Implct="true" Intrnl_Id="149">
                                    <Cond/>
                                    <LocList/>
                                    <StmntSeq Intrnl_Id="150">
                                        <LocList/>
                                    </StmntSeq>
                                </Branch>
                                <Keyword EndOffset="3427" SrcFileId="1" StartOffset="3425"/>
                                <LocList>
                                    <Loc EndOffset="3570" SrcFileId="1" StartOffset="3425"/>
                                </LocList>
                                <RootTerm CovItemId="C14" CovItemPrefix="smart_home.SmartHome.java" Intrnl_Id="151">
                                    <OpTerm BooleanOpId="2" Intrnl_Id="152">
                                        <BasicBoolTerm Intrnl_Id="153">
                                            <LocList>
                                                <Loc EndOffset="3450" SrcFileId="1" StartOffset="3429"/>
                                            </LocList>
                                        </BasicBoolTerm>
                                        <OpTerm BooleanOpId="3" Intrnl_Id="154">
                                            <BasicBoolTerm Intrnl_Id="155">
                                                <LocList>
                                                    <Loc EndOffset="3465" SrcFileId="1" StartOffset="3455"/>
                                                </LocList>
                                            </BasicBoolTerm>
                                            <LocList>
                                                <Loc EndOffset="3455" SrcFileId="1" StartOffset="3454"/>
                                            </LocList>
                                        </OpTerm>
                                        <LocList>
                                            <Loc EndOffset="3453" SrcFileId="1" StartOffset="3451"/>
                                        </LocList>
                                    </OpTerm>
                                </RootTerm>
                            </CondStmnt>
                        </StmntSeq>
                    </HierarchyLvl>
                    <HierarchyLvl HierarchyLvlId="51" HierarchyLvlTypeId="5" Intrnl_Id="156" Name="chiudiPorta">
                        <Header>
                            <Loc EndOffset="3614" SrcFileId="1" StartOffset="3582"/>
                        </Header>
                        <LocList>
                            <Loc EndOffset="3716" SrcFileId="1" StartOffset="3582"/>
                        </LocList>
                        <StmntSeq Intrnl_Id="157">
                            <LocList>
                                <Loc EndOffset="3672" SrcFileId="1" StartOffset="3620"/>
                                <Loc EndOffset="3712" SrcFileId="1" StartOffset="3676"/>
                            </LocList>
                            <CondStmnt CovItemId="S53" CovItemPrefix="smart_home.SmartHome.java" Intrnl_Id="158">
                                <Branch CovItemId="B13" CovItemPrefix="smart_home.SmartHome.java" Implct="false" Intrnl_Id="159">
                                    <Cond/>
                                    <LocList>
                                        <Loc EndOffset="3672" SrcFileId="1" StartOffset="3665"/>
                                    </LocList>
                                    <StmntSeq Intrnl_Id="160">
                                        <LocList>
                                            <Loc EndOffset="3672" SrcFileId="1" StartOffset="3665"/>
                                        </LocList>
                                        <BasicStmnt CovItemId="S54" CovItemPrefix="smart_home.SmartHome.java" Intrnl_Id="161">
                                            <LocList>
                                                <Loc EndOffset="3672" SrcFileId="1" StartOffset="3665"/>
                                            </LocList>
                                        </BasicStmnt>
                                    </StmntSeq>
                                </Branch>
                                <Branch CovItemId="B14" CovItemPrefix="smart_home.SmartHome.java" Implct="true" Intrnl_Id="162">
                                    <Cond/>
                                    <LocList/>
                                    <StmntSeq Intrnl_Id="163">
                                        <LocList/>
                                    </StmntSeq>
                                </Branch>
                                <Keyword EndOffset="3622" SrcFileId="1" StartOffset="3620"/>
                                <LocList>
                                    <Loc EndOffset="3672" SrcFileId="1" StartOffset="3620"/>
                                </LocList>
                                <RootTerm CovItemId="C17" CovItemPrefix="smart_home.SmartHome.java" Intrnl_Id="164">
                                    <OpTerm BooleanOpId="2" Intrnl_Id="165">
                                        <BasicBoolTerm Intrnl_Id="166">
                                            <LocList>
                                                <Loc EndOffset="3645" SrcFileId="1" StartOffset="3624"/>
                                            </LocList>
                                        </BasicBoolTerm>
                                        <OpTerm BooleanOpId="3" Intrnl_Id="167">
                                            <BasicBoolTerm Intrnl_Id="168">
                                                <LocList>
                                                    <Loc EndOffset="3659" SrcFileId="1" StartOffset="3650"/>
                                                </LocList>
                                            </BasicBoolTerm>
                                            <LocList>
                                                <Loc EndOffset="3650" SrcFileId="1" StartOffset="3649"/>
                                            </LocList>
                                        </OpTerm>
                                        <LocList>
                                            <Loc EndOffset="3648" SrcFileId="1" StartOffset="3646"/>
                                        </LocList>
                                    </OpTerm>
                                </RootTerm>
                            </CondStmnt>
                            <BasicStmnt CovItemId="S55" CovItemPrefix="smart_home.SmartHome.java" Intrnl_Id="169">
                                <LocList>
                                    <Loc EndOffset="3712" SrcFileId="1" StartOffset="3676"/>
                                </LocList>
                            </BasicStmnt>
                        </StmntSeq>
                    </HierarchyLvl>
                </HierarchyLvl>
            </HierarchyLvl>
        </HierarchyLvl>
    </MASTRoot>
</TestSessionContainer>
